<?xml version="1.0" encoding="UTF-8"?>
<coverage generated="1788365325932" clover="3.2.0">
  <project timestamp="1788365325932" name="All files">
    <metrics statements="312" coveredstatements="302" conditionals="294" coveredconditionals="266" methods="86" coveredmethods="82" elements="692" coveredelements="650" complexity="0" loc="312" ncloc="312" packages="15" files="20" classes="20"/>
    <package name="src">
      <metrics statements="91" coveredstatements="85" conditionals="84" coveredconditionals="76" methods="23" coveredmethods="21"/>
      <file name="App.css" path="/Users/sean_chou/Dev/personal/VeggieRadar/frontend/src/App.css">
        <metrics statements="0" coveredstatements="0" conditionals="0" coveredconditionals="0" methods="0" coveredmethods="0"/>
      </file>
      <file name="App.tsx" path="/Users/sean_chou/Dev/personal/VeggieRadar/frontend/src/App.tsx">
        <metrics statements="91" coveredstatements="85" conditionals="84" coveredconditionals="76" methods="23" coveredmethods="21"/>
        <line num="16" count="42" type="stmt"/>
        <line num="17" count="42" type="stmt"/>
        <line num="18" count="42" type="stmt"/>
        <line num="19" count="42" type="stmt"/>
        <line num="20" count="42" type="stmt"/>
        <line num="23" count="42" type="stmt"/>
        <line num="26" count="42" type="stmt"/>
        <line num="31" count="42" type="stmt"/>
        <line num="32" count="13" type="stmt"/>
        <line num="33" count="13" type="cond" truecount="2" falsecount="0"/>
        <line num="35" count="0" type="stmt"/>
        <line num="38" count="42" type="stmt"/>
        <line num="39" count="2" type="stmt"/>
        <line num="40" count="2" type="stmt"/>
        <line num="41" count="2" type="stmt"/>
        <line num="47" count="42" type="stmt"/>
        <line num="48" count="42" type="stmt"/>
        <line num="49" count="42" type="stmt"/>
        <line num="51" count="42" type="stmt"/>
        <line num="52" count="42" type="stmt"/>
        <line num="53" count="42" type="stmt"/>
        <line num="54" count="42" type="stmt"/>
        <line num="56" count="42" type="stmt"/>
        <line num="57" count="15" type="stmt"/>
        <line num="58" count="15" type="stmt"/>
        <line num="59" count="15" type="stmt"/>
        <line num="62" count="42" type="stmt"/>
        <line num="65" count="14" type="stmt"/>
        <line num="66" count="14" type="cond" truecount="2" falsecount="0"/>
        <line num="67" count="3" type="stmt"/>
        <line num="68" count="3" type="stmt"/>
        <line num="70" count="11" type="stmt"/>
        <line num="72" count="14" type="stmt"/>
        <line num="73" count="14" type="stmt"/>
        <line num="74" count="14" type="stmt"/>
        <line num="75" count="14" type="cond" truecount="2" falsecount="0"/>
        <line num="76" count="2" type="cond" truecount="1" falsecount="1"/>
        <line num="77" count="2" type="stmt"/>
        <line num="79" count="0" type="stmt"/>
        <line num="80" count="0" type="stmt"/>
        <line num="82" count="12" type="cond" truecount="1" falsecount="1"/>
        <line num="83" count="12" type="stmt"/>
        <line num="85" count="14" type="stmt"/>
        <line num="89" count="42" type="stmt"/>
        <line num="93" count="42" type="stmt"/>
        <line num="94" count="4" type="stmt"/>
        <line num="95" count="4" type="stmt"/>
        <line num="96" count="4" type="stmt"/>
        <line num="97" count="4" type="stmt"/>
        <line num="98" count="4" type="stmt"/>
        <line num="99" count="4" type="cond" truecount="1" falsecount="1"/>
        <line num="101" count="4" type="stmt"/>
        <line num="102" count="4" type="stmt"/>
        <line num="103" count="161" type="cond" truecount="2" falsecount="0"/>
        <line num="105" count="4" type="cond" truecount="2" falsecount="0"/>
        <line num="107" count="2" type="stmt"/>
        <line num="108" count="2" type="stmt"/>
        <line num="109" count="2" type="cond" truecount="1" falsecount="1"/>
        <line num="110" count="2" type="cond" truecount="2" falsecount="0"/>
        <line num="111" count="2" type="stmt"/>
        <line num="113" count="0" type="stmt"/>
        <line num="115" count="2" type="stmt"/>
        <line num="118" count="42" type="stmt"/>
        <line num="119" count="1" type="stmt"/>
        <line num="120" count="1" type="stmt"/>
        <line num="121" count="1" type="stmt"/>
        <line num="124" count="42" type="stmt"/>
        <line num="125" count="35" type="cond" truecount="2" falsecount="0"/>
        <line num="126" count="6" type="stmt"/>
        <line num="127" count="6" type="stmt"/>
        <line num="128" count="378" type="cond" truecount="2" falsecount="0"/>
        <line num="130" count="6" type="cond" truecount="2" falsecount="0"/>
        <line num="131" count="4" type="cond" truecount="2" falsecount="0"/>
        <line num="134" count="42" type="stmt"/>
        <line num="135" count="1137" type="stmt"/>
        <line num="136" count="36" type="stmt"/>
        <line num="139" count="103" type="stmt"/>
        <line num="143" count="42" type="stmt"/>
        <line num="144" count="40" type="stmt"/>
        <line num="145" count="94" type="cond" truecount="2" falsecount="0"/>
        <line num="146" count="94" type="cond" truecount="2" falsecount="0"/>
        <line num="147" count="40" type="cond" truecount="2" falsecount="0"/>
        <line num="150" count="5" type="stmt"/>
        <line num="152" count="40" type="stmt"/>
        <line num="155" count="42" type="stmt"/>
        <line num="156" count="35" type="stmt"/>
        <line num="160" count="42" type="cond" truecount="2" falsecount="0"/>
        <line num="162" count="42" type="stmt"/>
        <line num="206" count="2" type="cond" truecount="2" falsecount="0"/>
        <line num="229" count="0" type="stmt"/>
        <line num="252" count="0" type="stmt"/>
      </file>
    </package>
    <package name="src.components.DetailDrawer">
      <metrics statements="27" coveredstatements="26" conditionals="64" coveredconditionals="53" methods="9" coveredmethods="8"/>
      <file name="DetailDrawer.tsx" path="/Users/sean_chou/Dev/personal/VeggieRadar/frontend/src/components/DetailDrawer/DetailDrawer.tsx">
        <metrics statements="27" coveredstatements="26" conditionals="64" coveredconditionals="53" methods="9" coveredmethods="8"/>
        <line num="23" count="5" type="cond" truecount="1" falsecount="0"/>
        <line num="24" count="36" type="stmt"/>
        <line num="25" count="36" type="stmt"/>
        <line num="27" count="36" type="stmt"/>
        <line num="28" count="18" type="cond" truecount="4" falsecount="0"/>
        <line num="29" count="1" type="stmt"/>
        <line num="30" count="1" type="stmt"/>
        <line num="32" count="17" type="stmt"/>
        <line num="33" count="17" type="stmt"/>
        <line num="35" count="17" type="stmt"/>
        <line num="38" count="36" type="stmt"/>
        <line num="39" count="36" type="cond" truecount="1" falsecount="1"/>
        <line num="40" count="36" type="cond" truecount="1" falsecount="1"/>
        <line num="43" count="36" type="stmt"/>
        <line num="48" count="36" type="cond" truecount="2" falsecount="0"/>
        <line num="49" count="36" type="stmt"/>
        <line num="54" count="36" type="stmt"/>
        <line num="55" count="36" type="cond" truecount="2" falsecount="0"/>
        <line num="56" count="36" type="stmt"/>
        <line num="58" count="76" type="cond" truecount="4" falsecount="0"/>
        <line num="59" count="8" type="cond" truecount="1" falsecount="1"/>
        <line num="60" count="76" type="cond" truecount="4" falsecount="0"/>
        <line num="62" count="0" type="stmt"/>
        <line num="65" count="36" type="stmt"/>
        <line num="74" count="1" type="stmt"/>
        <line num="139" count="16" type="stmt"/>
        <line num="189" count="4" type="stmt"/>
      </file>
    </package>
    <package name="src.components.EmptyState">
      <metrics statements="2" coveredstatements="2" conditionals="2" coveredconditionals="2" methods="1" coveredmethods="1"/>
      <file name="EmptyState.tsx" path="/Users/sean_chou/Dev/personal/VeggieRadar/frontend/src/components/EmptyState/EmptyState.tsx">
        <metrics statements="2" coveredstatements="2" conditionals="2" coveredconditionals="2" methods="1" coveredmethods="1"/>
        <line num="8" count="5" type="stmt"/>
        <line num="12" count="3" type="stmt"/>
      </file>
    </package>
    <package name="src.components.ErrorMessage">
      <metrics statements="2" coveredstatements="2" conditionals="4" coveredconditionals="4" methods="1" coveredmethods="1"/>
      <file name="ErrorMessage.tsx" path="/Users/sean_chou/Dev/personal/VeggieRadar/frontend/src/components/ErrorMessage/ErrorMessage.tsx">
        <metrics statements="2" coveredstatements="2" conditionals="4" coveredconditionals="4" methods="1" coveredmethods="1"/>
        <line num="9" count="4" type="stmt"/>
        <line num="10" count="1" type="stmt"/>
      </file>
    </package>
    <package name="src.components.Header">
      <metrics statements="10" coveredstatements="10" conditionals="5" coveredconditionals="5" methods="4" coveredmethods="4"/>
      <file name="Header.tsx" path="/Users/sean_chou/Dev/personal/VeggieRadar/frontend/src/components/Header/Header.tsx">
        <metrics statements="10" coveredstatements="10" conditionals="5" coveredconditionals="5" methods="4" coveredmethods="4"/>
        <line num="9" count="5" type="cond" truecount="1" falsecount="0"/>
        <line num="10" count="53" type="stmt"/>
        <line num="12" count="53" type="stmt"/>
        <line num="13" count="5" type="stmt"/>
        <line num="14" count="5" type="stmt"/>
        <line num="17" count="53" type="stmt"/>
        <line num="18" count="2" type="stmt"/>
        <line num="19" count="2" type="stmt"/>
        <line num="22" count="53" type="stmt"/>
        <line num="35" count="6" type="stmt"/>
      </file>
    </package>
    <package name="src.components.ProduceCard">
      <metrics statements="17" coveredstatements="17" conditionals="35" coveredconditionals="32" methods="4" coveredmethods="4"/>
      <file name="ProduceCard.tsx" path="/Users/sean_chou/Dev/personal/VeggieRadar/frontend/src/components/ProduceCard/ProduceCard.tsx">
        <metrics statements="17" coveredstatements="17" conditionals="35" coveredconditionals="32" methods="4" coveredmethods="4"/>
        <line num="12" count="6" type="cond" truecount="1" falsecount="0"/>
        <line num="13" count="1375" type="stmt"/>
        <line num="14" count="1375" type="stmt"/>
        <line num="15" count="1375" type="cond" truecount="3" falsecount="1"/>
        <line num="16" count="1375" type="cond" truecount="3" falsecount="1"/>
        <line num="17" count="1375" type="cond" truecount="3" falsecount="1"/>
        <line num="21" count="1375" type="stmt"/>
        <line num="26" count="1375" type="stmt"/>
        <line num="27" count="1375" type="cond" truecount="2" falsecount="0"/>
        <line num="29" count="1375" type="stmt"/>
        <line num="30" count="1375" type="stmt"/>
        <line num="31" count="3" type="cond" truecount="4" falsecount="0"/>
        <line num="32" count="2" type="stmt"/>
        <line num="33" count="2" type="stmt"/>
        <line num="37" count="1375" type="stmt"/>
        <line num="56" count="2" type="stmt"/>
        <line num="57" count="2" type="stmt"/>
      </file>
    </package>
    <package name="src.components.ProduceFilter">
      <metrics statements="5" coveredstatements="5" conditionals="4" coveredconditionals="4" methods="3" coveredmethods="3"/>
      <file name="ProduceFilter.tsx" path="/Users/sean_chou/Dev/personal/VeggieRadar/frontend/src/components/ProduceFilter/ProduceFilter.tsx">
        <metrics statements="5" coveredstatements="5" conditionals="4" coveredconditionals="4" methods="3" coveredmethods="3"/>
        <line num="14" count="5" type="stmt"/>
        <line num="15" count="45" type="stmt"/>
        <line num="19" count="233" type="stmt"/>
        <line num="20" count="233" type="stmt"/>
        <line num="23" count="3" type="stmt"/>
      </file>
    </package>
    <package name="src.components.ProduceGrid">
      <metrics statements="11" coveredstatements="11" conditionals="9" coveredconditionals="9" methods="4" coveredmethods="4"/>
      <file name="ProduceList.tsx" path="/Users/sean_chou/Dev/personal/VeggieRadar/frontend/src/components/ProduceGrid/ProduceList.tsx">
        <metrics statements="11" coveredstatements="11" conditionals="9" coveredconditionals="9" methods="4" coveredmethods="4"/>
        <line num="13" count="5" type="stmt"/>
        <line num="15" count="5" type="stmt"/>
        <line num="16" count="16" type="stmt"/>
        <line num="18" count="128" type="stmt"/>
        <line num="29" count="5" type="cond" truecount="1" falsecount="0"/>
        <line num="30" count="43" type="cond" truecount="2" falsecount="0"/>
        <line num="31" count="16" type="stmt"/>
        <line num="33" count="27" type="cond" truecount="4" falsecount="0"/>
        <line num="34" count="1" type="stmt"/>
        <line num="36" count="26" type="stmt"/>
        <line num="39" count="1359" type="stmt"/>
      </file>
    </package>
    <package name="src.components.ProduceTrendChart">
      <metrics statements="5" coveredstatements="5" conditionals="4" coveredconditionals="4" methods="2" coveredmethods="2"/>
      <file name="ProduceTrendChart.tsx" path="/Users/sean_chou/Dev/personal/VeggieRadar/frontend/src/components/ProduceTrendChart/ProduceTrendChart.tsx">
        <metrics statements="5" coveredstatements="5" conditionals="4" coveredconditionals="4" methods="2" coveredmethods="2"/>
        <line num="8" count="6" type="stmt"/>
        <line num="9" count="4" type="cond" truecount="4" falsecount="0"/>
        <line num="10" count="2" type="stmt"/>
        <line num="14" count="14" type="stmt"/>
        <line num="19" count="2" type="stmt"/>
      </file>
    </package>
    <package name="src.components.ui">
      <metrics statements="22" coveredstatements="21" conditionals="0" coveredconditionals="0" methods="6" coveredmethods="5"/>
      <file name="dialog.tsx" path="/Users/sean_chou/Dev/personal/VeggieRadar/frontend/src/components/ui/dialog.tsx">
        <metrics statements="22" coveredstatements="21" conditionals="0" coveredconditionals="0" methods="6" coveredmethods="5"/>
        <line num="5" count="5" type="stmt"/>
        <line num="7" count="5" type="stmt"/>
        <line num="9" count="5" type="stmt"/>
        <line num="11" count="5" type="stmt"/>
        <line num="13" count="5" type="stmt"/>
        <line num="17" count="34" type="stmt"/>
        <line num="26" count="5" type="stmt"/>
        <line num="28" count="5" type="stmt"/>
        <line num="32" count="36" type="stmt"/>
        <line num="46" count="5" type="stmt"/>
        <line num="48" count="5" type="stmt"/>
        <line num="52" count="17" type="stmt"/>
        <line num="60" count="5" type="stmt"/>
        <line num="62" count="5" type="stmt"/>
        <line num="66" count="0" type="stmt"/>
        <line num="74" count="5" type="stmt"/>
        <line num="76" count="5" type="stmt"/>
        <line num="80" count="17" type="stmt"/>
        <line num="89" count="5" type="stmt"/>
        <line num="91" count="5" type="stmt"/>
        <line num="95" count="17" type="stmt"/>
        <line num="101" count="5" type="stmt"/>
      </file>
    </package>
    <package name="src.hooks">
      <metrics statements="16" coveredstatements="16" conditionals="6" coveredconditionals="5" methods="8" coveredmethods="8"/>
      <file name="useWatchlist.ts" path="/Users/sean_chou/Dev/personal/VeggieRadar/frontend/src/hooks/useWatchlist.ts">
        <metrics statements="16" coveredstatements="16" conditionals="6" coveredconditionals="5" methods="8" coveredmethods="8"/>
        <line num="3" count="5" type="stmt"/>
        <line num="7" count="17" type="stmt"/>
        <line num="8" count="17" type="stmt"/>
        <line num="9" count="17" type="cond" truecount="2" falsecount="0"/>
        <line num="10" count="7" type="stmt"/>
        <line num="11" count="7" type="cond" truecount="1" falsecount="1"/>
        <line num="13" count="1" type="stmt"/>
        <line num="22" count="49" type="stmt"/>
        <line num="24" count="49" type="stmt"/>
        <line num="25" count="21" type="stmt"/>
        <line num="26" count="21" type="stmt"/>
        <line num="32" count="49" type="stmt"/>
        <line num="33" count="4" type="stmt"/>
        <line num="34" count="4" type="cond" truecount="2" falsecount="0"/>
        <line num="38" count="1455" type="stmt"/>
        <line num="40" count="49" type="stmt"/>
      </file>
    </package>
    <package name="src.lib">
      <metrics statements="1" coveredstatements="1" conditionals="0" coveredconditionals="0" methods="1" coveredmethods="1"/>
      <file name="utils.ts" path="/Users/sean_chou/Dev/personal/VeggieRadar/frontend/src/lib/utils.ts">
        <metrics statements="1" coveredstatements="1" conditionals="0" coveredconditionals="0" methods="1" coveredmethods="1"/>
        <line num="5" count="121" type="stmt"/>
      </file>
    </package>
    <package name="src.lib.utils">
      <metrics statements="26" coveredstatements="26" conditionals="32" coveredconditionals="32" methods="8" coveredmethods="8"/>
      <file name="freshness.ts" path="/Users/sean_chou/Dev/personal/VeggieRadar/frontend/src/lib/utils/freshness.ts">
        <metrics statements="16" coveredstatements="16" conditionals="15" coveredconditionals="15" methods="3" coveredmethods="3"/>
        <line num="33" count="5" type="stmt"/>
        <line num="35" count="108" type="stmt"/>
        <line num="38" count="19" type="stmt"/>
        <line num="39" count="19" type="cond" truecount="2" falsecount="0"/>
        <line num="40" count="18" type="stmt"/>
        <line num="44" count="23" type="cond" truecount="2" falsecount="0"/>
        <line num="49" count="23" type="cond" truecount="2" falsecount="0"/>
        <line num="50" count="2" type="stmt"/>
        <line num="52" count="21" type="cond" truecount="2" falsecount="0"/>
        <line num="56" count="19" type="stmt"/>
        <line num="57" count="19" type="cond" truecount="2" falsecount="0"/>
        <line num="58" count="18" type="stmt"/>
        <line num="61" count="18" type="stmt"/>
        <line num="63" count="18" type="cond" truecount="2" falsecount="0"/>
        <line num="64" count="17" type="cond" truecount="2" falsecount="0"/>
        <line num="65" count="16" type="stmt"/>
      </file>
      <file name="market-price.ts" path="/Users/sean_chou/Dev/personal/VeggieRadar/frontend/src/lib/utils/market-price.ts">
        <metrics statements="2" coveredstatements="2" conditionals="6" coveredconditionals="6" methods="1" coveredmethods="1"/>
        <line num="13" count="1423" type="cond" truecount="4" falsecount="0"/>
        <line num="14" count="1408" type="cond" truecount="2" falsecount="0"/>
      </file>
      <file name="produce-suggestions.ts" path="/Users/sean_chou/Dev/personal/VeggieRadar/frontend/src/lib/utils/produce-suggestions.ts">
        <metrics statements="5" coveredstatements="5" conditionals="7" coveredconditionals="7" methods="3" coveredmethods="3"/>
        <line num="9" count="4" type="cond" truecount="2" falsecount="0"/>
        <line num="10" count="1" type="stmt"/>
        <line num="14" count="3" type="stmt"/>
        <line num="15" count="14" type="cond" truecount="4" falsecount="0"/>
        <line num="22" count="3" type="stmt"/>
      </file>
      <file name="value-sort.ts" path="/Users/sean_chou/Dev/personal/VeggieRadar/frontend/src/lib/utils/value-sort.ts">
        <metrics statements="3" coveredstatements="3" conditionals="4" coveredconditionals="4" methods="1" coveredmethods="1"/>
        <line num="12" count="614" type="cond" truecount="2" falsecount="0"/>
        <line num="15" count="614" type="cond" truecount="2" falsecount="0"/>
        <line num="18" count="614" type="stmt"/>
      </file>
    </package>
    <package name="src.services">
      <metrics statements="76" coveredstatements="74" conditionals="43" coveredconditionals="38" methods="11" coveredmethods="11"/>
      <file name="api.ts" path="/Users/sean_chou/Dev/personal/VeggieRadar/frontend/src/services/api.ts">
        <metrics statements="75" coveredstatements="73" conditionals="43" coveredconditionals="38" methods="11" coveredmethods="11"/>
        <line num="28" count="17" type="stmt"/>
        <line num="36" count="17" type="stmt"/>
        <line num="37" count="17" type="stmt"/>
        <line num="38" count="17" type="stmt"/>
        <line num="40" count="17" type="stmt"/>
        <line num="48" count="72" type="stmt"/>
        <line num="49" count="72" type="stmt"/>
        <line num="50" count="72" type="stmt"/>
        <line num="51" count="72" type="stmt"/>
        <line num="52" count="72" type="stmt"/>
        <line num="53" count="60" type="cond" truecount="1" falsecount="1"/>
        <line num="54" count="0" type="stmt"/>
        <line num="56" count="60" type="stmt"/>
        <line num="57" count="60" type="stmt"/>
        <line num="58" count="60" type="stmt"/>
        <line num="63" count="3" type="stmt"/>
        <line num="64" count="3" type="stmt"/>
        <line num="67" count="72" type="stmt"/>
        <line num="72" count="31" type="cond" truecount="2" falsecount="0"/>
        <line num="73" count="14" type="stmt"/>
        <line num="75" count="17" type="stmt"/>
        <line num="83" count="19" type="cond" truecount="2" falsecount="0"/>
        <line num="84" count="8" type="stmt"/>
        <line num="85" count="8" type="stmt"/>
        <line num="86" count="8" type="cond" truecount="2" falsecount="0"/>
        <line num="87" count="7" type="stmt"/>
        <line num="88" count="7" type="cond" truecount="6" falsecount="0"/>
        <line num="89" count="2" type="stmt"/>
        <line num="91" count="4" type="stmt"/>
        <line num="93" count="1" type="stmt"/>
        <line num="98" count="14" type="cond" truecount="2" falsecount="0"/>
        <line num="99" count="3" type="stmt"/>
        <line num="100" count="3" type="stmt"/>
        <line num="113" count="18" type="stmt"/>
        <line num="114" count="26" type="stmt"/>
        <line num="115" count="26" type="stmt"/>
        <line num="116" count="14" type="cond" truecount="4" falsecount="1"/>
        <line num="117" count="14" type="stmt"/>
        <line num="119" count="14" type="stmt"/>
        <line num="121" count="12" type="stmt"/>
        <line num="122" count="12" type="stmt"/>
        <line num="123" count="12" type="stmt"/>
        <line num="124" count="12" type="stmt"/>
        <line num="127" count="4" type="stmt"/>
        <line num="132" count="5" type="stmt"/>
        <line num="133" count="5" type="cond" truecount="1" falsecount="1"/>
        <line num="134" count="0" type="stmt"/>
        <line num="136" count="5" type="stmt"/>
        <line num="137" count="5" type="stmt"/>
        <line num="141" count="2" type="stmt"/>
        <line num="148" count="17" type="stmt"/>
        <line num="149" count="17" type="stmt"/>
        <line num="153" count="74" type="stmt"/>
        <line num="154" count="74" type="cond" truecount="4" falsecount="0"/>
        <line num="155" count="57" type="stmt"/>
        <line num="156" count="57" type="stmt"/>
        <line num="157" count="57" type="cond" truecount="2" falsecount="0"/>
        <line num="158" count="55" type="stmt"/>
        <line num="159" count="55" type="stmt"/>
        <line num="163" count="54" type="cond" truecount="1" falsecount="1"/>
        <line num="164" count="56" type="stmt"/>
        <line num="166" count="74" type="cond" truecount="2" falsecount="0"/>
        <line num="167" count="54" type="cond" truecount="2" falsecount="0"/>
        <line num="168" count="2" type="stmt"/>
        <line num="169" count="2" type="cond" truecount="1" falsecount="1"/>
        <line num="171" count="54" type="stmt"/>
        <line num="173" count="54" type="stmt"/>
        <line num="175" count="1" type="stmt"/>
        <line num="181" count="14" type="cond" truecount="2" falsecount="0"/>
        <line num="182" count="3" type="stmt"/>
        <line num="183" count="3" type="stmt"/>
        <line num="184" count="282" type="cond" truecount="2" falsecount="0"/>
        <line num="186" count="3" type="stmt"/>
        <line num="193" count="3" type="cond" truecount="2" falsecount="0"/>
        <line num="198" count="11" type="stmt"/>
      </file>
      <file name="mockBoard.ts" path="/Users/sean_chou/Dev/personal/VeggieRadar/frontend/src/services/mockBoard.ts">
        <metrics statements="1" coveredstatements="1" conditionals="0" coveredconditionals="0" methods="0" coveredmethods="0"/>
        <line num="9" count="17" type="stmt"/>
      </file>
    </package>
    <package name="src.types">
      <metrics statements="1" coveredstatements="1" conditionals="2" coveredconditionals="2" methods="1" coveredmethods="1"/>
      <file name="produce.ts" path="/Users/sean_chou/Dev/personal/VeggieRadar/frontend/src/types/produce.ts">
        <metrics statements="1" coveredstatements="1" conditionals="2" coveredconditionals="2" methods="1" coveredmethods="1"/>
        <line num="93" count="30" type="cond" truecount="2" falsecount="0"/>
      </file>
    </package>
  </project>
</coverage>
