{"/Users/sean_chou/Dev/personal/VeggieRadar/frontend/src/App.css": {"path":"/Users/sean_chou/Dev/personal/VeggieRadar/frontend/src/App.css","statementMap":{},"fnMap":{},"branchMap":{},"s":{},"f":{},"b":{},"meta":{"lastBranch":0,"lastFunction":0,"lastStatement":0,"seen":{},"fnNames":{}}}
,"/Users/sean_chou/Dev/personal/VeggieRadar/frontend/src/App.tsx": {"path":"/Users/sean_chou/Dev/personal/VeggieRadar/frontend/src/App.tsx","statementMap":{"0":{"start":{"line":16,"column":16},"end":{"line":16,"column":55}},"1":{"start":{"line":17,"column":20},"end":{"line":17,"column":48}},"2":{"start":{"line":18,"column":20},"end":{"line":18,"column":94}},"3":{"start":{"line":19,"column":18},"end":{"line":19,"column":46}},"4":{"start":{"line":20,"column":16},"end":{"line":20,"column":57}},"5":{"start":{"line":23,"column":25},"end":{"line":23,"column":75}},"6":{"start":{"line":26,"column":22},"end":{"line":26,"column":69}},"7":{"start":{"line":31,"column":19},"end":{"line":37,"column":null}},"8":{"start":{"line":32,"column":4},"end":{"line":35,"column":null}},"9":{"start":{"line":33,"column":6},"end":{"line":33,"column":null}},"10":{"start":{"line":35,"column":6},"end":{"line":35,"column":null}},"11":{"start":{"line":38,"column":8},"end":{"line":42,"column":null}},"12":{"start":{"line":39,"column":4},"end":{"line":39,"column":null}},"13":{"start":{"line":40,"column":4},"end":{"line":42,"column":null}},"14":{"start":{"line":41,"column":6},"end":{"line":41,"column":null}},"15":{"start":{"line":47,"column":16},"end":{"line":47,"column":40}},"16":{"start":{"line":48,"column":24},"end":{"line":48,"column":80}},"17":{"start":{"line":49,"column":20},"end":{"line":49,"column":51}},"18":{"start":{"line":51,"column":23},"end":{"line":51,"column":57}},"19":{"start":{"line":52,"column":23},"end":{"line":52,"column":76}},"20":{"start":{"line":53,"column":40},"end":{"line":53,"column":65}},"21":{"start":{"line":54,"column":8},"end":{"line":54,"column":71}},"22":{"start":{"line":54,"column":45},"end":{"line":54,"column":71}},"23":{"start":{"line":56,"column":8},"end":{"line":59,"column":null}},"24":{"start":{"line":57,"column":4},"end":{"line":57,"column":null}},"25":{"start":{"line":58,"column":4},"end":{"line":58,"column":null}},"26":{"start":{"line":59,"column":4},"end":{"line":59,"column":null}},"27":{"start":{"line":62,"column":8},"end":{"line":86,"column":null}},"28":{"start":{"line":65,"column":10},"end":{"line":65,"column":36}},"29":{"start":{"line":66,"column":4},"end":{"line":70,"column":null}},"30":{"start":{"line":67,"column":6},"end":{"line":67,"column":null}},"31":{"start":{"line":68,"column":6},"end":{"line":68,"column":null}},"32":{"start":{"line":70,"column":6},"end":{"line":70,"column":null}},"33":{"start":{"line":72,"column":4},"end":{"line":72,"column":null}},"34":{"start":{"line":73,"column":4},"end":{"line":73,"column":null}},"35":{"start":{"line":74,"column":4},"end":{"line":86,"column":null}},"36":{"start":{"line":75,"column":6},"end":{"line":83,"column":null}},"37":{"start":{"line":76,"column":8},"end":{"line":80,"column":null}},"38":{"start":{"line":77,"column":10},"end":{"line":77,"column":null}},"39":{"start":{"line":79,"column":10},"end":{"line":79,"column":null}},"40":{"start":{"line":80,"column":10},"end":{"line":80,"column":null}},"41":{"start":{"line":82,"column":17},"end":{"line":83,"column":null}},"42":{"start":{"line":83,"column":8},"end":{"line":83,"column":null}},"43":{"start":{"line":85,"column":6},"end":{"line":85,"column":null}},"44":{"start":{"line":89,"column":2},"end":{"line":89,"column":null}},"45":{"start":{"line":93,"column":23},"end":{"line":115,"column":null}},"46":{"start":{"line":94,"column":14},"end":{"line":94,"column":24}},"47":{"start":{"line":95,"column":4},"end":{"line":95,"column":null}},"48":{"start":{"line":96,"column":4},"end":{"line":96,"column":null}},"49":{"start":{"line":97,"column":4},"end":{"line":97,"column":null}},"50":{"start":{"line":98,"column":4},"end":{"line":98,"column":null}},"51":{"start":{"line":99,"column":4},"end":{"line":99,"column":null}},"52":{"start":{"line":99,"column":12},"end":{"line":99,"column":null}},"53":{"start":{"line":101,"column":15},"end":{"line":101,"column":30}},"54":{"start":{"line":102,"column":21},"end":{"line":103,"column":null}},"55":{"start":{"line":103,"column":14},"end":{"line":103,"column":80}},"56":{"start":{"line":105,"column":4},"end":{"line":105,"column":null}},"57":{"start":{"line":105,"column":18},"end":{"line":105,"column":null}},"58":{"start":{"line":107,"column":4},"end":{"line":107,"column":null}},"59":{"start":{"line":108,"column":16},"end":{"line":108,"column":38}},"60":{"start":{"line":109,"column":4},"end":{"line":113,"column":null}},"61":{"start":{"line":110,"column":6},"end":{"line":110,"column":null}},"62":{"start":{"line":110,"column":25},"end":{"line":110,"column":null}},"63":{"start":{"line":111,"column":6},"end":{"line":111,"column":null}},"64":{"start":{"line":113,"column":6},"end":{"line":113,"column":null}},"65":{"start":{"line":115,"column":4},"end":{"line":115,"column":null}},"66":{"start":{"line":118,"column":8},"end":{"line":121,"column":null}},"67":{"start":{"line":119,"column":4},"end":{"line":119,"column":null}},"68":{"start":{"line":120,"column":4},"end":{"line":120,"column":null}},"69":{"start":{"line":121,"column":4},"end":{"line":121,"column":null}},"70":{"start":{"line":124,"column":8},"end":{"line":132,"column":35}},"71":{"start":{"line":125,"column":4},"end":{"line":125,"column":null}},"72":{"start":{"line":125,"column":16},"end":{"line":125,"column":null}},"73":{"start":{"line":126,"column":15},"end":{"line":126,"column":34}},"74":{"start":{"line":127,"column":18},"end":{"line":128,"column":null}},"75":{"start":{"line":128,"column":14},"end":{"line":128,"column":84}},"76":{"start":{"line":130,"column":4},"end":{"line":130,"column":null}},"77":{"start":{"line":130,"column":22},"end":{"line":130,"column":null}},"78":{"start":{"line":131,"column":4},"end":{"line":131,"column":null}},"79":{"start":{"line":134,"column":8},"end":{"line":141,"column":29}},"80":{"start":{"line":135,"column":17},"end":{"line":135,"column":72}},"81":{"start":{"line":135,"column":58},"end":{"line":135,"column":70}},"82":{"start":{"line":136,"column":4},"end":{"line":140,"column":null}},"83":{"start":{"line":139,"column":26},"end":{"line":139,"column":null}},"84":{"start":{"line":143,"column":8},"end":{"line":153,"column":52}},"85":{"start":{"line":144,"column":16},"end":{"line":144,"column":null}},"86":{"start":{"line":145,"column":4},"end":{"line":146,"column":null}},"87":{"start":{"line":145,"column":34},"end":{"line":145,"column":null}},"88":{"start":{"line":145,"column":63},"end":{"line":145,"column":90}},"89":{"start":{"line":146,"column":13},"end":{"line":146,"column":null}},"90":{"start":{"line":146,"column":37},"end":{"line":146,"column":null}},"91":{"start":{"line":146,"column":66},"end":{"line":146,"column":95}},"92":{"start":{"line":147,"column":4},"end":{"line":150,"column":null}},"93":{"start":{"line":150,"column":6},"end":{"line":150,"column":null}},"94":{"start":{"line":152,"column":4},"end":{"line":152,"column":null}},"95":{"start":{"line":155,"column":8},"end":{"line":157,"column":null}},"96":{"start":{"line":156,"column":10},"end":{"line":156,"column":73}},"97":{"start":{"line":156,"column":33},"end":{"line":156,"column":72}},"98":{"start":{"line":160,"column":15},"end":{"line":160,"column":null}},"99":{"start":{"line":162,"column":2},"end":{"line":257,"column":null}},"100":{"start":{"line":206,"column":37},"end":{"line":206,"column":92}},"101":{"start":{"line":229,"column":77},"end":{"line":229,"column":100}},"102":{"start":{"line":252,"column":25},"end":{"line":252,"column":46}}},"fnMap":{"0":{"name":"App","decl":{"start":{"line":15,"column":9},"end":{"line":15,"column":15}},"loc":{"start":{"line":15,"column":15},"end":{"line":257,"column":null}},"line":15},"1":{"name":"(anonymous_1)","decl":{"start":{"line":31,"column":34},"end":{"line":31,"column":71}},"loc":{"start":{"line":31,"column":71},"end":{"line":37,"column":null}},"line":31},"2":{"name":"(anonymous_2)","decl":{"start":{"line":38,"column":8},"end":{"line":38,"column":22}},"loc":{"start":{"line":38,"column":53},"end":{"line":42,"column":null}},"line":38},"3":{"name":"(anonymous_3)","decl":{"start":{"line":54,"column":8},"end":{"line":54,"column":23}},"loc":{"start":{"line":54,"column":45},"end":{"line":54,"column":71}},"line":54},"4":{"name":"(anonymous_4)","decl":{"start":{"line":56,"column":8},"end":{"line":56,"column":22}},"loc":{"start":{"line":56,"column":45},"end":{"line":59,"column":null}},"line":56},"5":{"name":"(anonymous_5)","decl":{"start":{"line":62,"column":8},"end":{"line":62,"column":26}},"loc":{"start":{"line":62,"column":26},"end":{"line":86,"column":null}},"line":62},"6":{"name":"(anonymous_6)","decl":{"start":{"line":74,"column":17},"end":{"line":74,"column":23}},"loc":{"start":{"line":74,"column":31},"end":{"line":86,"column":null}},"line":74},"7":{"name":"(anonymous_7)","decl":{"start":{"line":93,"column":23},"end":{"line":93,"column":30}},"loc":{"start":{"line":93,"column":46},"end":{"line":115,"column":null}},"line":93},"8":{"name":"(anonymous_8)","decl":{"start":{"line":102,"column":27},"end":{"line":102,"column":null}},"loc":{"start":{"line":103,"column":14},"end":{"line":103,"column":80}},"line":103},"9":{"name":"(anonymous_9)","decl":{"start":{"line":118,"column":8},"end":{"line":118,"column":28}},"loc":{"start":{"line":118,"column":28},"end":{"line":121,"column":null}},"line":118},"10":{"name":"(anonymous_10)","decl":{"start":{"line":124,"column":20},"end":{"line":124,"column":49}},"loc":{"start":{"line":124,"column":49},"end":{"line":132,"column":6}},"line":124},"11":{"name":"(anonymous_11)","decl":{"start":{"line":127,"column":24},"end":{"line":127,"column":null}},"loc":{"start":{"line":128,"column":14},"end":{"line":128,"column":84}},"line":128},"12":{"name":"(anonymous_12)","decl":{"start":{"line":134,"column":24},"end":{"line":134,"column":38}},"loc":{"start":{"line":134,"column":38},"end":{"line":141,"column":6}},"line":134},"13":{"name":"(anonymous_13)","decl":{"start":{"line":135,"column":46},"end":{"line":135,"column":51}},"loc":{"start":{"line":135,"column":58},"end":{"line":135,"column":70}},"line":135},"14":{"name":"(anonymous_14)","decl":{"start":{"line":139,"column":14},"end":{"line":139,"column":19}},"loc":{"start":{"line":139,"column":26},"end":{"line":139,"column":null}},"line":139},"15":{"name":"(anonymous_15)","decl":{"start":{"line":143,"column":23},"end":{"line":143,"column":37}},"loc":{"start":{"line":143,"column":37},"end":{"line":153,"column":6}},"line":143},"16":{"name":"(anonymous_16)","decl":{"start":{"line":145,"column":48},"end":{"line":145,"column":56}},"loc":{"start":{"line":145,"column":63},"end":{"line":145,"column":90}},"line":145},"17":{"name":"(anonymous_17)","decl":{"start":{"line":146,"column":51},"end":{"line":146,"column":59}},"loc":{"start":{"line":146,"column":66},"end":{"line":146,"column":95}},"line":146},"18":{"name":"(anonymous_18)","decl":{"start":{"line":155,"column":23},"end":{"line":155,"column":null}},"loc":{"start":{"line":156,"column":10},"end":{"line":156,"column":73}},"line":156},"19":{"name":"(anonymous_19)","decl":{"start":{"line":156,"column":20},"end":{"line":156,"column":26}},"loc":{"start":{"line":156,"column":33},"end":{"line":156,"column":72}},"line":156},"20":{"name":"(anonymous_20)","decl":{"start":{"line":206,"column":22},"end":{"line":206,"column":37}},"loc":{"start":{"line":206,"column":37},"end":{"line":206,"column":92}},"line":206},"21":{"name":"(anonymous_21)","decl":{"start":{"line":229,"column":62},"end":{"line":229,"column":77}},"loc":{"start":{"line":229,"column":77},"end":{"line":229,"column":100}},"line":229},"22":{"name":"(anonymous_22)","decl":{"start":{"line":252,"column":10},"end":{"line":252,"column":25}},"loc":{"start":{"line":252,"column":25},"end":{"line":252,"column":46}},"line":252}},"branchMap":{"0":{"loc":{"start":{"line":33,"column":13},"end":{"line":33,"column":null}},"type":"cond-expr","locations":[{"start":{"line":33,"column":71},"end":{"line":33,"column":81}},{"start":{"line":33,"column":81},"end":{"line":33,"column":null}}],"line":33},"1":{"loc":{"start":{"line":66,"column":4},"end":{"line":70,"column":null}},"type":"if","locations":[{"start":{"line":66,"column":4},"end":{"line":70,"column":null}},{"start":{"line":69,"column":11},"end":{"line":70,"column":null}}],"line":66},"2":{"loc":{"start":{"line":75,"column":6},"end":{"line":83,"column":null}},"type":"if","locations":[{"start":{"line":75,"column":6},"end":{"line":83,"column":null}},{"start":{"line":82,"column":17},"end":{"line":83,"column":null}}],"line":75},"3":{"loc":{"start":{"line":76,"column":8},"end":{"line":80,"column":null}},"type":"if","locations":[{"start":{"line":76,"column":8},"end":{"line":80,"column":null}},{"start":{"line":78,"column":15},"end":{"line":80,"column":null}}],"line":76},"4":{"loc":{"start":{"line":82,"column":17},"end":{"line":83,"column":null}},"type":"if","locations":[{"start":{"line":82,"column":17},"end":{"line":83,"column":null}},{"start":{},"end":{}}],"line":82},"5":{"loc":{"start":{"line":99,"column":4},"end":{"line":99,"column":null}},"type":"if","locations":[{"start":{"line":99,"column":4},"end":{"line":99,"column":null}},{"start":{},"end":{}}],"line":99},"6":{"loc":{"start":{"line":103,"column":14},"end":{"line":103,"column":80}},"type":"binary-expr","locations":[{"start":{"line":103,"column":14},"end":{"line":103,"column":48}},{"start":{"line":103,"column":52},"end":{"line":103,"column":80}}],"line":103},"7":{"loc":{"start":{"line":105,"column":4},"end":{"line":105,"column":null}},"type":"if","locations":[{"start":{"line":105,"column":4},"end":{"line":105,"column":null}},{"start":{},"end":{}}],"line":105},"8":{"loc":{"start":{"line":109,"column":4},"end":{"line":113,"column":null}},"type":"if","locations":[{"start":{"line":109,"column":4},"end":{"line":113,"column":null}},{"start":{"line":112,"column":11},"end":{"line":113,"column":null}}],"line":109},"9":{"loc":{"start":{"line":110,"column":6},"end":{"line":110,"column":null}},"type":"if","locations":[{"start":{"line":110,"column":6},"end":{"line":110,"column":null}},{"start":{},"end":{}}],"line":110},"10":{"loc":{"start":{"line":125,"column":4},"end":{"line":125,"column":null}},"type":"if","locations":[{"start":{"line":125,"column":4},"end":{"line":125,"column":null}},{"start":{},"end":{}}],"line":125},"11":{"loc":{"start":{"line":128,"column":14},"end":{"line":128,"column":84}},"type":"binary-expr","locations":[{"start":{"line":128,"column":14},"end":{"line":128,"column":48}},{"start":{"line":128,"column":52},"end":{"line":128,"column":84}}],"line":128},"12":{"loc":{"start":{"line":130,"column":4},"end":{"line":130,"column":null}},"type":"if","locations":[{"start":{"line":130,"column":4},"end":{"line":130,"column":null}},{"start":{},"end":{}}],"line":130},"13":{"loc":{"start":{"line":131,"column":11},"end":{"line":131,"column":30}},"type":"binary-expr","locations":[{"start":{"line":131,"column":11},"end":{"line":131,"column":28}},{"start":{"line":131,"column":28},"end":{"line":131,"column":30}}],"line":131},"14":{"loc":{"start":{"line":137,"column":15},"end":{"line":137,"column":63}},"type":"cond-expr","locations":[{"start":{"line":137,"column":32},"end":{"line":137,"column":55}},{"start":{"line":137,"column":55},"end":{"line":137,"column":63}}],"line":137},"15":{"loc":{"start":{"line":145,"column":4},"end":{"line":146,"column":null}},"type":"if","locations":[{"start":{"line":145,"column":4},"end":{"line":146,"column":null}},{"start":{"line":146,"column":13},"end":{"line":146,"column":null}}],"line":145},"16":{"loc":{"start":{"line":146,"column":13},"end":{"line":146,"column":null}},"type":"if","locations":[{"start":{"line":146,"column":13},"end":{"line":146,"column":null}},{"start":{},"end":{}}],"line":146},"17":{"loc":{"start":{"line":147,"column":4},"end":{"line":150,"column":null}},"type":"if","locations":[{"start":{"line":147,"column":4},"end":{"line":150,"column":null}},{"start":{},"end":{}}],"line":147},"18":{"loc":{"start":{"line":160,"column":15},"end":{"line":160,"column":null}},"type":"binary-expr","locations":[{"start":{"line":160,"column":15},"end":{"line":160,"column":26}},{"start":{"line":160,"column":26},"end":{"line":160,"column":null}}],"line":160},"19":{"loc":{"start":{"line":167,"column":9},"end":{"line":192,"column":null}},"type":"binary-expr","locations":[{"start":{"line":167,"column":9},"end":{"line":167,"column":null}},{"start":{"line":168,"column":10},"end":{"line":192,"column":null}}],"line":167},"20":{"loc":{"start":{"line":170,"column":15},"end":{"line":170,"column":null}},"type":"cond-expr","locations":[{"start":{"line":170,"column":23},"end":{"line":170,"column":40}},{"start":{"line":170,"column":40},"end":{"line":170,"column":null}}],"line":170},"21":{"loc":{"start":{"line":172,"column":13},"end":{"line":175,"column":null}},"type":"binary-expr","locations":[{"start":{"line":172,"column":13},"end":{"line":172,"column":null}},{"start":{"line":173,"column":14},"end":{"line":175,"column":null}}],"line":172},"22":{"loc":{"start":{"line":175,"column":17},"end":{"line":175,"column":null}},"type":"binary-expr","locations":[{"start":{"line":175,"column":17},"end":{"line":175,"column":40}},{"start":{"line":175,"column":40},"end":{"line":175,"column":null}}],"line":175},"23":{"loc":{"start":{"line":178,"column":13},"end":{"line":178,"column":null}},"type":"binary-expr","locations":[{"start":{"line":178,"column":13},"end":{"line":178,"column":31}},{"start":{"line":178,"column":31},"end":{"line":178,"column":null}}],"line":178},"24":{"loc":{"start":{"line":179,"column":13},"end":{"line":184,"column":null}},"type":"binary-expr","locations":[{"start":{"line":179,"column":13},"end":{"line":179,"column":null}},{"start":{"line":180,"column":14},"end":{"line":184,"column":null}}],"line":179},"25":{"loc":{"start":{"line":196,"column":9},"end":{"line":196,"column":null}},"type":"binary-expr","locations":[{"start":{"line":196,"column":9},"end":{"line":196,"column":18}},{"start":{"line":196,"column":18},"end":{"line":196,"column":null}}],"line":196},"26":{"loc":{"start":{"line":198,"column":9},"end":{"line":246,"column":null}},"type":"binary-expr","locations":[{"start":{"line":198,"column":9},"end":{"line":198,"column":null}},{"start":{"line":199,"column":10},"end":{"line":246,"column":null}}],"line":198},"27":{"loc":{"start":{"line":200,"column":13},"end":{"line":213,"column":null}},"type":"binary-expr","locations":[{"start":{"line":200,"column":13},"end":{"line":200,"column":null}},{"start":{"line":201,"column":14},"end":{"line":213,"column":null}}],"line":200},"28":{"loc":{"start":{"line":203,"column":17},"end":{"line":213,"column":null}},"type":"binary-expr","locations":[{"start":{"line":203,"column":17},"end":{"line":203,"column":null}},{"start":{"line":204,"column":18},"end":{"line":213,"column":null}}],"line":203},"29":{"loc":{"start":{"line":206,"column":48},"end":{"line":206,"column":92}},"type":"cond-expr","locations":[{"start":{"line":206,"column":71},"end":{"line":206,"column":84}},{"start":{"line":206,"column":84},"end":{"line":206,"column":92}}],"line":206},"30":{"loc":{"start":{"line":211,"column":23},"end":{"line":211,"column":null}},"type":"cond-expr","locations":[{"start":{"line":211,"column":46},"end":{"line":211,"column":null}},{"start":{"line":211,"column":100},"end":{"line":211,"column":null}}],"line":211},"31":{"loc":{"start":{"line":218,"column":13},"end":{"line":218,"column":null}},"type":"binary-expr","locations":[{"start":{"line":218,"column":13},"end":{"line":218,"column":21}},{"start":{"line":218,"column":21},"end":{"line":218,"column":null}}],"line":218},"32":{"loc":{"start":{"line":220,"column":13},"end":{"line":226,"column":null}},"type":"binary-expr","locations":[{"start":{"line":220,"column":13},"end":{"line":220,"column":22}},{"start":{"line":220,"column":22},"end":{"line":220,"column":null}},{"start":{"line":221,"column":14},"end":{"line":226,"column":null}}],"line":220},"33":{"loc":{"start":{"line":228,"column":13},"end":{"line":229,"column":null}},"type":"binary-expr","locations":[{"start":{"line":228,"column":13},"end":{"line":228,"column":22}},{"start":{"line":228,"column":22},"end":{"line":228,"column":null}},{"start":{"line":229,"column":14},"end":{"line":229,"column":null}}],"line":228},"34":{"loc":{"start":{"line":232,"column":13},"end":{"line":233,"column":null}},"type":"binary-expr","locations":[{"start":{"line":232,"column":13},"end":{"line":232,"column":22}},{"start":{"line":232,"column":22},"end":{"line":232,"column":38}},{"start":{"line":232,"column":38},"end":{"line":232,"column":67}},{"start":{"line":232,"column":67},"end":{"line":232,"column":null}},{"start":{"line":233,"column":14},"end":{"line":233,"column":null}}],"line":232},"35":{"loc":{"start":{"line":236,"column":13},"end":{"line":240,"column":null}},"type":"binary-expr","locations":[{"start":{"line":236,"column":13},"end":{"line":236,"column":22}},{"start":{"line":236,"column":22},"end":{"line":236,"column":38}},{"start":{"line":236,"column":38},"end":{"line":236,"column":67}},{"start":{"line":236,"column":67},"end":{"line":236,"column":null}},{"start":{"line":237,"column":14},"end":{"line":240,"column":null}}],"line":236},"36":{"loc":{"start":{"line":239,"column":28},"end":{"line":239,"column":null}},"type":"cond-expr","locations":[{"start":{"line":239,"column":36},"end":{"line":239,"column":67}},{"start":{"line":239,"column":67},"end":{"line":239,"column":null}}],"line":239},"37":{"loc":{"start":{"line":249,"column":7},"end":{"line":257,"column":null}},"type":"binary-expr","locations":[{"start":{"line":249,"column":7},"end":{"line":249,"column":null}},{"start":{"line":250,"column":8},"end":{"line":257,"column":null}}],"line":249}},"s":{"0":42,"1":42,"2":42,"3":42,"4":42,"5":42,"6":42,"7":42,"8":13,"9":13,"10":0,"11":42,"12":2,"13":2,"14":2,"15":42,"16":42,"17":42,"18":42,"19":42,"20":42,"21":42,"22":1,"23":42,"24":15,"25":15,"26":15,"27":42,"28":14,"29":14,"30":3,"31":3,"32":11,"33":14,"34":14,"35":14,"36":14,"37":2,"38":2,"39":0,"40":0,"41":12,"42":12,"43":14,"44":42,"45":42,"46":4,"47":4,"48":4,"49":4,"50":4,"51":4,"52":0,"53":4,"54":4,"55":161,"56":4,"57":2,"58":2,"59":2,"60":2,"61":2,"62":1,"63":2,"64":0,"65":2,"66":42,"67":1,"68":1,"69":1,"70":42,"71":35,"72":29,"73":6,"74":6,"75":378,"76":6,"77":2,"78":4,"79":42,"80":36,"81":1137,"82":36,"83":103,"84":42,"85":40,"86":40,"87":1,"88":94,"89":39,"90":1,"91":94,"92":40,"93":5,"94":40,"95":42,"96":35,"97":20,"98":42,"99":42,"100":2,"101":0,"102":0},"f":{"0":42,"1":13,"2":2,"3":1,"4":15,"5":14,"6":14,"7":4,"8":161,"9":1,"10":35,"11":378,"12":36,"13":1137,"14":103,"15":40,"16":94,"17":94,"18":35,"19":20,"20":2,"21":0,"22":0},"b":{"0":[2,11],"1":[3,11],"2":[2,12],"3":[2,0],"4":[12,0],"5":[0,4],"6":[161,159],"7":[2,2],"8":[2,0],"9":[1,1],"10":[29,6],"11":[378,374],"12":[2,4],"13":[4,2],"14":[9,27],"15":[1,39],"16":[1,38],"17":[5,35],"18":[42,29],"19":[42,42],"20":[6,36],"21":[42,29],"22":[29,29],"23":[42,29],"24":[42,2],"25":[42,0],"26":[42,42],"27":[42,42],"28":[42,16],"29":[1,1],"30":[3,13],"31":[42,15],"32":[42,27,25],"33":[42,27,1],"34":[42,27,26,1,0],"35":[42,27,26,1,1],"36":[1,0],"37":[42,0]},"meta":{"lastBranch":38,"lastFunction":23,"lastStatement":103,"seen":{"f:15:9:15:15":0,"s:16:16:16:55":0,"s:17:20:17:48":1,"s:18:20:18:94":2,"s:19:18:19:46":3,"s:20:16:20:57":4,"s:23:25:23:75":5,"s:26:22:26:69":6,"s:31:19:37:Infinity":7,"f:31:34:31:71":1,"s:32:4:35:Infinity":8,"s:33:6:33:Infinity":9,"b:33:71:33:81:33:81:33:Infinity":0,"s:35:6:35:Infinity":10,"s:38:8:42:Infinity":11,"f:38:8:38:22":2,"s:39:4:39:Infinity":12,"s:40:4:42:Infinity":13,"s:41:6:41:Infinity":14,"s:47:16:47:40":15,"s:48:24:48:80":16,"s:49:20:49:51":17,"s:51:23:51:57":18,"s:52:23:52:76":19,"s:53:40:53:65":20,"s:54:8:54:71":21,"f:54:8:54:23":3,"s:54:45:54:71":22,"s:56:8:59:Infinity":23,"f:56:8:56:22":4,"s:57:4:57:Infinity":24,"s:58:4:58:Infinity":25,"s:59:4:59:Infinity":26,"s:62:8:86:Infinity":27,"f:62:8:62:26":5,"s:65:10:65:36":28,"b:66:4:70:Infinity:69:11:70:Infinity":1,"s:66:4:70:Infinity":29,"s:67:6:67:Infinity":30,"s:68:6:68:Infinity":31,"s:70:6:70:Infinity":32,"s:72:4:72:Infinity":33,"s:73:4:73:Infinity":34,"s:74:4:86:Infinity":35,"f:74:17:74:23":6,"b:75:6:83:Infinity:82:17:83:Infinity":2,"s:75:6:83:Infinity":36,"b:76:8:80:Infinity:78:15:80:Infinity":3,"s:76:8:80:Infinity":37,"s:77:10:77:Infinity":38,"s:79:10:79:Infinity":39,"s:80:10:80:Infinity":40,"b:82:17:83:Infinity:undefined:undefined:undefined:undefined":4,"s:82:17:83:Infinity":41,"s:83:8:83:Infinity":42,"s:85:6:85:Infinity":43,"s:89:2:89:Infinity":44,"s:93:23:115:Infinity":45,"f:93:23:93:30":7,"s:94:14:94:24":46,"s:95:4:95:Infinity":47,"s:96:4:96:Infinity":48,"s:97:4:97:Infinity":49,"s:98:4:98:Infinity":50,"b:99:4:99:Infinity:undefined:undefined:undefined:undefined":5,"s:99:4:99:Infinity":51,"s:99:12:99:Infinity":52,"s:101:15:101:30":53,"s:102:21:103:Infinity":54,"f:102:27:102:Infinity":8,"s:103:14:103:80":55,"b:103:14:103:48:103:52:103:80":6,"b:105:4:105:Infinity:undefined:undefined:undefined:undefined":7,"s:105:4:105:Infinity":56,"s:105:18:105:Infinity":57,"s:107:4:107:Infinity":58,"s:108:16:108:38":59,"b:109:4:113:Infinity:112:11:113:Infinity":8,"s:109:4:113:Infinity":60,"b:110:6:110:Infinity:undefined:undefined:undefined:undefined":9,"s:110:6:110:Infinity":61,"s:110:25:110:Infinity":62,"s:111:6:111:Infinity":63,"s:113:6:113:Infinity":64,"s:115:4:115:Infinity":65,"s:118:8:121:Infinity":66,"f:118:8:118:28":9,"s:119:4:119:Infinity":67,"s:120:4:120:Infinity":68,"s:121:4:121:Infinity":69,"s:124:8:132:35":70,"f:124:20:124:49":10,"b:125:4:125:Infinity:undefined:undefined:undefined:undefined":10,"s:125:4:125:Infinity":71,"s:125:16:125:Infinity":72,"s:126:15:126:34":73,"s:127:18:128:Infinity":74,"f:127:24:127:Infinity":11,"s:128:14:128:84":75,"b:128:14:128:48:128:52:128:84":11,"b:130:4:130:Infinity:undefined:undefined:undefined:undefined":12,"s:130:4:130:Infinity":76,"s:130:22:130:Infinity":77,"s:131:4:131:Infinity":78,"b:131:11:131:28:131:28:131:30":13,"s:134:8:141:29":79,"f:134:24:134:38":12,"s:135:17:135:72":80,"f:135:46:135:51":13,"s:135:58:135:70":81,"s:136:4:140:Infinity":82,"b:137:32:137:55:137:55:137:63":14,"f:139:14:139:19":14,"s:139:26:139:Infinity":83,"s:143:8:153:52":84,"f:143:23:143:37":15,"s:144:16:144:Infinity":85,"b:145:4:146:Infinity:146:13:146:Infinity":15,"s:145:4:146:Infinity":86,"s:145:34:145:Infinity":87,"f:145:48:145:56":16,"s:145:63:145:90":88,"b:146:13:146:Infinity:undefined:undefined:undefined:undefined":16,"s:146:13:146:Infinity":89,"s:146:37:146:Infinity":90,"f:146:51:146:59":17,"s:146:66:146:95":91,"b:147:4:150:Infinity:undefined:undefined:undefined:undefined":17,"s:147:4:150:Infinity":92,"s:150:6:150:Infinity":93,"s:152:4:152:Infinity":94,"s:155:8:157:Infinity":95,"f:155:23:155:Infinity":18,"s:156:10:156:73":96,"f:156:20:156:26":19,"s:156:33:156:72":97,"s:160:15:160:Infinity":98,"b:160:15:160:26:160:26:160:Infinity":18,"s:162:2:257:Infinity":99,"b:167:9:167:Infinity:168:10:192:Infinity":19,"b:170:23:170:40:170:40:170:Infinity":20,"b:172:13:172:Infinity:173:14:175:Infinity":21,"b:175:17:175:40:175:40:175:Infinity":22,"b:178:13:178:31:178:31:178:Infinity":23,"b:179:13:179:Infinity:180:14:184:Infinity":24,"b:196:9:196:18:196:18:196:Infinity":25,"b:198:9:198:Infinity:199:10:246:Infinity":26,"b:200:13:200:Infinity:201:14:213:Infinity":27,"b:203:17:203:Infinity:204:18:213:Infinity":28,"f:206:22:206:37":20,"s:206:37:206:92":100,"b:206:71:206:84:206:84:206:92":29,"b:211:46:211:Infinity:211:100:211:Infinity":30,"b:218:13:218:21:218:21:218:Infinity":31,"b:220:13:220:22:220:22:220:Infinity:221:14:226:Infinity":32,"b:228:13:228:22:228:22:228:Infinity:229:14:229:Infinity":33,"f:229:62:229:77":21,"s:229:77:229:100":101,"b:232:13:232:22:232:22:232:38:232:38:232:67:232:67:232:Infinity:233:14:233:Infinity":34,"b:236:13:236:22:236:22:236:38:236:38:236:67:236:67:236:Infinity:237:14:240:Infinity":35,"b:239:36:239:67:239:67:239:Infinity":36,"b:249:7:249:Infinity:250:8:257:Infinity":37,"f:252:10:252:25":22,"s:252:25:252:46":102},"fnNames":{}}}
,"/Users/sean_chou/Dev/personal/VeggieRadar/frontend/src/components/DetailDrawer/DetailDrawer.tsx": {"path":"/Users/sean_chou/Dev/personal/VeggieRadar/frontend/src/components/DetailDrawer/DetailDrawer.tsx","statementMap":{"0":{"start":{"line":23,"column":6},"end":{"line":206,"column":null}},"1":{"start":{"line":24,"column":20},"end":{"line":24,"column":58}},"2":{"start":{"line":25,"column":23},"end":{"line":25,"column":57}},"3":{"start":{"line":27,"column":2},"end":{"line":36,"column":null}},"4":{"start":{"line":28,"column":4},"end":{"line":30,"column":null}},"5":{"start":{"line":29,"column":6},"end":{"line":29,"column":null}},"6":{"start":{"line":30,"column":6},"end":{"line":30,"column":null}},"7":{"start":{"line":32,"column":4},"end":{"line":32,"column":null}},"8":{"start":{"line":33,"column":4},"end":{"line":35,"column":null}},"9":{"start":{"line":35,"column":21},"end":{"line":35,"column":43}},"10":{"start":{"line":38,"column":15},"end":{"line":38,"column":null}},"11":{"start":{"line":39,"column":15},"end":{"line":39,"column":null}},"12":{"start":{"line":40,"column":16},"end":{"line":40,"column":null}},"13":{"start":{"line":43,"column":8},"end":{"line":43,"column":37}},"14":{"start":{"line":48,"column":20},"end":{"line":48,"column":40}},"15":{"start":{"line":49,"column":21},"end":{"line":49,"column":75}},"16":{"start":{"line":49,"column":50},"end":{"line":49,"column":73}},"17":{"start":{"line":54,"column":24},"end":{"line":54,"column":null}},"18":{"start":{"line":55,"column":20},"end":{"line":55,"column":null}},"19":{"start":{"line":56,"column":22},"end":{"line":63,"column":16}},"20":{"start":{"line":58,"column":6},"end":{"line":58,"column":null}},"21":{"start":{"line":58,"column":64},"end":{"line":58,"column":null}},"22":{"start":{"line":59,"column":20},"end":{"line":59,"column":null}},"23":{"start":{"line":60,"column":6},"end":{"line":60,"column":null}},"24":{"start":{"line":62,"column":20},"end":{"line":62,"column":38}},"25":{"start":{"line":65,"column":2},"end":{"line":206,"column":null}},"26":{"start":{"line":74,"column":31},"end":{"line":74,"column":50}},"27":{"start":{"line":139,"column":18},"end":{"line":145,"column":null}},"28":{"start":{"line":189,"column":18},"end":{"line":199,"column":null}}},"fnMap":{"0":{"name":"(anonymous_0)","decl":{"start":{"line":23,"column":6},"end":{"line":23,"column":51}},"loc":{"start":{"line":23,"column":130},"end":{"line":206,"column":null}},"line":23},"1":{"name":"(anonymous_1)","decl":{"start":{"line":27,"column":2},"end":{"line":27,"column":18}},"loc":{"start":{"line":27,"column":18},"end":{"line":36,"column":6}},"line":27},"2":{"name":"(anonymous_2)","decl":{"start":{"line":35,"column":7},"end":{"line":35,"column":21}},"loc":{"start":{"line":35,"column":21},"end":{"line":35,"column":43}},"line":35},"3":{"name":"(anonymous_3)","decl":{"start":{"line":49,"column":31},"end":{"line":49,"column":39}},"loc":{"start":{"line":49,"column":50},"end":{"line":49,"column":73}},"line":49},"4":{"name":"(anonymous_4)","decl":{"start":{"line":57,"column":5},"end":{"line":57,"column":14}},"loc":{"start":{"line":57,"column":20},"end":{"line":61,"column":null}},"line":57},"5":{"name":"(anonymous_5)","decl":{"start":{"line":62,"column":5},"end":{"line":62,"column":11}},"loc":{"start":{"line":62,"column":20},"end":{"line":62,"column":38}},"line":62},"6":{"name":"(anonymous_6)","decl":{"start":{"line":74,"column":16},"end":{"line":74,"column":31}},"loc":{"start":{"line":74,"column":31},"end":{"line":74,"column":50}},"line":74},"7":{"name":"(anonymous_7)","decl":{"start":{"line":138,"column":27},"end":{"line":138,"column":32}},"loc":{"start":{"line":139,"column":18},"end":{"line":145,"column":null}},"line":139},"8":{"name":"(anonymous_8)","decl":{"start":{"line":188,"column":29},"end":{"line":188,"column":34}},"loc":{"start":{"line":189,"column":18},"end":{"line":199,"column":null}},"line":189}},"branchMap":{"0":{"loc":{"start":{"line":23,"column":93},"end":{"line":23,"column":110}},"type":"default-arg","locations":[{"start":{"line":23,"column":103},"end":{"line":23,"column":110}}],"line":23},"1":{"loc":{"start":{"line":28,"column":4},"end":{"line":30,"column":null}},"type":"if","locations":[{"start":{"line":28,"column":4},"end":{"line":30,"column":null}},{"start":{},"end":{}}],"line":28},"2":{"loc":{"start":{"line":28,"column":8},"end":{"line":28,"column":41}},"type":"binary-expr","locations":[{"start":{"line":28,"column":8},"end":{"line":28,"column":19}},{"start":{"line":28,"column":19},"end":{"line":28,"column":41}}],"line":28},"3":{"loc":{"start":{"line":39,"column":15},"end":{"line":39,"column":null}},"type":"cond-expr","locations":[{"start":{"line":39,"column":22},"end":{"line":39,"column":36}},{"start":{"line":39,"column":36},"end":{"line":39,"column":null}}],"line":39},"4":{"loc":{"start":{"line":40,"column":16},"end":{"line":40,"column":null}},"type":"cond-expr","locations":[{"start":{"line":40,"column":23},"end":{"line":40,"column":29}},{"start":{"line":40,"column":29},"end":{"line":40,"column":null}}],"line":40},"5":{"loc":{"start":{"line":48,"column":20},"end":{"line":48,"column":40}},"type":"binary-expr","locations":[{"start":{"line":48,"column":20},"end":{"line":48,"column":38}},{"start":{"line":48,"column":38},"end":{"line":48,"column":40}}],"line":48},"6":{"loc":{"start":{"line":55,"column":20},"end":{"line":55,"column":null}},"type":"binary-expr","locations":[{"start":{"line":55,"column":20},"end":{"line":55,"column":33}},{"start":{"line":55,"column":33},"end":{"line":55,"column":null}}],"line":55},"7":{"loc":{"start":{"line":58,"column":6},"end":{"line":58,"column":null}},"type":"if","locations":[{"start":{"line":58,"column":6},"end":{"line":58,"column":null}},{"start":{},"end":{}}],"line":58},"8":{"loc":{"start":{"line":58,"column":10},"end":{"line":58,"column":64}},"type":"binary-expr","locations":[{"start":{"line":58,"column":10},"end":{"line":58,"column":42}},{"start":{"line":58,"column":42},"end":{"line":58,"column":64}}],"line":58},"9":{"loc":{"start":{"line":59,"column":20},"end":{"line":59,"column":null}},"type":"cond-expr","locations":[{"start":{"line":59,"column":20},"end":{"line":59,"column":50}},{"start":{"line":59,"column":53},"end":{"line":59,"column":null}}],"line":59},"10":{"loc":{"start":{"line":60,"column":13},"end":{"line":60,"column":75}},"type":"cond-expr","locations":[{"start":{"line":60,"column":50},"end":{"line":60,"column":70}},{"start":{"line":60,"column":73},"end":{"line":60,"column":75}}],"line":60},"11":{"loc":{"start":{"line":60,"column":13},"end":{"line":60,"column":50}},"type":"binary-expr","locations":[{"start":{"line":60,"column":13},"end":{"line":60,"column":30}},{"start":{"line":60,"column":30},"end":{"line":60,"column":50}}],"line":60},"12":{"loc":{"start":{"line":71,"column":13},"end":{"line":80,"column":null}},"type":"binary-expr","locations":[{"start":{"line":71,"column":13},"end":{"line":71,"column":null}},{"start":{"line":72,"column":14},"end":{"line":80,"column":null}}],"line":71},"13":{"loc":{"start":{"line":76,"column":28},"end":{"line":76,"column":null}},"type":"cond-expr","locations":[{"start":{"line":76,"column":38},"end":{"line":76,"column":60}},{"start":{"line":76,"column":60},"end":{"line":76,"column":null}}],"line":76},"14":{"loc":{"start":{"line":77,"column":79},"end":{"line":77,"column":null}},"type":"cond-expr","locations":[{"start":{"line":77,"column":89},"end":{"line":77,"column":103}},{"start":{"line":77,"column":103},"end":{"line":77,"column":null}}],"line":77},"15":{"loc":{"start":{"line":79,"column":17},"end":{"line":79,"column":null}},"type":"cond-expr","locations":[{"start":{"line":79,"column":27},"end":{"line":79,"column":33}},{"start":{"line":79,"column":33},"end":{"line":79,"column":null}}],"line":79},"16":{"loc":{"start":{"line":85,"column":13},"end":{"line":85,"column":null}},"type":"cond-expr","locations":[{"start":{"line":85,"column":34},"end":{"line":85,"column":67}},{"start":{"line":85,"column":67},"end":{"line":85,"column":null}}],"line":85},"17":{"loc":{"start":{"line":93,"column":49},"end":{"line":93,"column":93}},"type":"cond-expr","locations":[{"start":{"line":93,"column":69},"end":{"line":93,"column":80}},{"start":{"line":93,"column":80},"end":{"line":93,"column":93}}],"line":93},"18":{"loc":{"start":{"line":96,"column":19},"end":{"line":96,"column":null}},"type":"cond-expr","locations":[{"start":{"line":96,"column":39},"end":{"line":96,"column":58}},{"start":{"line":96,"column":58},"end":{"line":96,"column":null}}],"line":96},"19":{"loc":{"start":{"line":101,"column":17},"end":{"line":103,"column":null}},"type":"cond-expr","locations":[{"start":{"line":102,"column":20},"end":{"line":102,"column":null}},{"start":{"line":103,"column":20},"end":{"line":103,"column":null}}],"line":101},"20":{"loc":{"start":{"line":111,"column":54},"end":{"line":111,"column":90}},"type":"cond-expr","locations":[{"start":{"line":111,"column":61},"end":{"line":111,"column":74}},{"start":{"line":111,"column":74},"end":{"line":111,"column":90}}],"line":111},"21":{"loc":{"start":{"line":116,"column":11},"end":{"line":128,"column":null}},"type":"binary-expr","locations":[{"start":{"line":116,"column":11},"end":{"line":116,"column":null}},{"start":{"line":117,"column":12},"end":{"line":128,"column":null}}],"line":116},"22":{"loc":{"start":{"line":134,"column":11},"end":{"line":151,"column":null}},"type":"binary-expr","locations":[{"start":{"line":134,"column":11},"end":{"line":134,"column":null}},{"start":{"line":135,"column":12},"end":{"line":151,"column":null}}],"line":134},"23":{"loc":{"start":{"line":148,"column":15},"end":{"line":149,"column":null}},"type":"binary-expr","locations":[{"start":{"line":148,"column":15},"end":{"line":148,"column":null}},{"start":{"line":149,"column":16},"end":{"line":149,"column":null}}],"line":148},"24":{"loc":{"start":{"line":157,"column":13},"end":{"line":162,"column":null}},"type":"cond-expr","locations":[{"start":{"line":158,"column":14},"end":{"line":159,"column":26}},{"start":{"line":159,"column":16},"end":{"line":162,"column":null}}],"line":157},"25":{"loc":{"start":{"line":159,"column":16},"end":{"line":162,"column":null}},"type":"cond-expr","locations":[{"start":{"line":160,"column":14},"end":{"line":162,"column":15}},{"start":{"line":162,"column":14},"end":{"line":162,"column":null}}],"line":159},"26":{"loc":{"start":{"line":164,"column":13},"end":{"line":171,"column":null}},"type":"binary-expr","locations":[{"start":{"line":164,"column":13},"end":{"line":164,"column":44}},{"start":{"line":164,"column":44},"end":{"line":164,"column":null}},{"start":{"line":165,"column":14},"end":{"line":171,"column":null}}],"line":164},"27":{"loc":{"start":{"line":167,"column":17},"end":{"line":171,"column":27}},"type":"cond-expr","locations":[{"start":{"line":168,"column":20},"end":{"line":168,"column":null}},{"start":{"line":169,"column":20},"end":{"line":171,"column":27}}],"line":167},"28":{"loc":{"start":{"line":169,"column":20},"end":{"line":171,"column":27}},"type":"cond-expr","locations":[{"start":{"line":170,"column":22},"end":{"line":170,"column":null}},{"start":{"line":171,"column":22},"end":{"line":171,"column":27}}],"line":169},"29":{"loc":{"start":{"line":184,"column":11},"end":{"line":201,"column":null}},"type":"binary-expr","locations":[{"start":{"line":184,"column":11},"end":{"line":184,"column":null}},{"start":{"line":185,"column":12},"end":{"line":201,"column":null}}],"line":184},"30":{"loc":{"start":{"line":193,"column":25},"end":{"line":193,"column":72}},"type":"cond-expr","locations":[{"start":{"line":193,"column":41},"end":{"line":193,"column":56}},{"start":{"line":193,"column":56},"end":{"line":193,"column":72}}],"line":193},"31":{"loc":{"start":{"line":196,"column":27},"end":{"line":196,"column":93}},"type":"cond-expr","locations":[{"start":{"line":196,"column":43},"end":{"line":196,"column":64}},{"start":{"line":196,"column":55},"end":{"line":196,"column":93}}],"line":196}},"s":{"0":5,"1":36,"2":36,"3":36,"4":18,"5":1,"6":1,"7":17,"8":17,"9":17,"10":36,"11":36,"12":36,"13":36,"14":36,"15":36,"16":16,"17":36,"18":36,"19":36,"20":76,"21":68,"22":8,"23":76,"24":0,"25":36,"26":1,"27":16,"28":4},"f":{"0":36,"1":18,"2":17,"3":16,"4":76,"5":0,"6":1,"7":16,"8":4},"b":{"0":[36],"1":[1,17],"2":[18,17],"3":[36,0],"4":[36,0],"5":[36,28],"6":[36,10],"7":[68,8],"8":[76,44],"9":[8,0],"10":[4,4],"11":[76,8],"12":[36,2],"13":[0,2],"14":[0,2],"15":[0,2],"16":[36,0],"17":[26,10],"18":[26,10],"19":[26,10],"20":[36,0],"21":[36,26],"22":[36,6],"23":[6,2],"24":[17,19],"25":[0,19],"26":[36,6,6],"27":[2,4],"28":[2,2],"29":[36,4],"30":[4,0],"31":[4,0]},"meta":{"lastBranch":32,"lastFunction":9,"lastStatement":29,"seen":{"s:23:6:206:Infinity":0,"f:23:6:23:51":0,"b:23:103:23:110":0,"s:24:20:24:58":1,"s:25:23:25:57":2,"s:27:2:36:Infinity":3,"f:27:2:27:18":1,"b:28:4:30:Infinity:undefined:undefined:undefined:undefined":1,"s:28:4:30:Infinity":4,"b:28:8:28:19:28:19:28:41":2,"s:29:6:29:Infinity":5,"s:30:6:30:Infinity":6,"s:32:4:32:Infinity":7,"s:33:4:35:Infinity":8,"f:35:7:35:21":2,"s:35:21:35:43":9,"s:38:15:38:Infinity":10,"s:39:15:39:Infinity":11,"b:39:22:39:36:39:36:39:Infinity":3,"s:40:16:40:Infinity":12,"b:40:23:40:29:40:29:40:Infinity":4,"s:43:8:43:37":13,"s:48:20:48:40":14,"b:48:20:48:38:48:38:48:40":5,"s:49:21:49:75":15,"f:49:31:49:39":3,"s:49:50:49:73":16,"s:54:24:54:Infinity":17,"s:55:20:55:Infinity":18,"b:55:20:55:33:55:33:55:Infinity":6,"s:56:22:63:16":19,"f:57:5:57:14":4,"b:58:6:58:Infinity:undefined:undefined:undefined:undefined":7,"s:58:6:58:Infinity":20,"b:58:10:58:42:58:42:58:64":8,"s:58:64:58:Infinity":21,"s:59:20:59:Infinity":22,"b:59:20:59:50:59:53:59:Infinity":9,"s:60:6:60:Infinity":23,"b:60:50:60:70:60:73:60:75":10,"b:60:13:60:30:60:30:60:50":11,"f:62:5:62:11":5,"s:62:20:62:38":24,"s:65:2:206:Infinity":25,"b:71:13:71:Infinity:72:14:80:Infinity":12,"f:74:16:74:31":6,"s:74:31:74:50":26,"b:76:38:76:60:76:60:76:Infinity":13,"b:77:89:77:103:77:103:77:Infinity":14,"b:79:27:79:33:79:33:79:Infinity":15,"b:85:34:85:67:85:67:85:Infinity":16,"b:93:69:93:80:93:80:93:93":17,"b:96:39:96:58:96:58:96:Infinity":18,"b:102:20:102:Infinity:103:20:103:Infinity":19,"b:111:61:111:74:111:74:111:90":20,"b:116:11:116:Infinity:117:12:128:Infinity":21,"b:134:11:134:Infinity:135:12:151:Infinity":22,"f:138:27:138:32":7,"s:139:18:145:Infinity":27,"b:148:15:148:Infinity:149:16:149:Infinity":23,"b:158:14:159:26:159:16:162:Infinity":24,"b:160:14:162:15:162:14:162:Infinity":25,"b:164:13:164:44:164:44:164:Infinity:165:14:171:Infinity":26,"b:168:20:168:Infinity:169:20:171:27":27,"b:170:22:170:Infinity:171:22:171:27":28,"b:184:11:184:Infinity:185:12:201:Infinity":29,"f:188:29:188:34":8,"s:189:18:199:Infinity":28,"b:193:41:193:56:193:56:193:72":30,"b:196:43:196:64:196:55:196:93":31},"fnNames":{}}}
,"/Users/sean_chou/Dev/personal/VeggieRadar/frontend/src/components/EmptyState/EmptyState.tsx": {"path":"/Users/sean_chou/Dev/personal/VeggieRadar/frontend/src/components/EmptyState/EmptyState.tsx","statementMap":{"0":{"start":{"line":8,"column":6},"end":{"line":15,"column":null}},"1":{"start":{"line":12,"column":2},"end":{"line":15,"column":null}}},"fnMap":{"0":{"name":"(anonymous_0)","decl":{"start":{"line":8,"column":6},"end":{"line":8,"column":47}},"loc":{"start":{"line":11,"column":6},"end":{"line":15,"column":null}},"line":11}},"branchMap":{"0":{"loc":{"start":{"line":9,"column":2},"end":{"line":9,"column":null}},"type":"default-arg","locations":[{"start":{"line":9,"column":12},"end":{"line":9,"column":null}}],"line":9},"1":{"loc":{"start":{"line":10,"column":2},"end":{"line":10,"column":null}},"type":"default-arg","locations":[{"start":{"line":10,"column":15},"end":{"line":10,"column":null}}],"line":10}},"s":{"0":5,"1":3},"f":{"0":3},"b":{"0":[3],"1":[3]},"meta":{"lastBranch":2,"lastFunction":1,"lastStatement":2,"seen":{"s:8:6:15:Infinity":0,"f:8:6:8:47":0,"b:9:12:9:Infinity":0,"b:10:15:10:Infinity":1,"s:12:2:15:Infinity":1},"fnNames":{}}}
,"/Users/sean_chou/Dev/personal/VeggieRadar/frontend/src/components/ErrorMessage/ErrorMessage.tsx": {"path":"/Users/sean_chou/Dev/personal/VeggieRadar/frontend/src/components/ErrorMessage/ErrorMessage.tsx","statementMap":{"0":{"start":{"line":9,"column":6},"end":{"line":24,"column":null}},"1":{"start":{"line":10,"column":2},"end":{"line":24,"column":null}}},"fnMap":{"0":{"name":"(anonymous_0)","decl":{"start":{"line":9,"column":6},"end":{"line":9,"column":51}},"loc":{"start":{"line":9,"column":81},"end":{"line":24,"column":null}},"line":9}},"branchMap":{"0":{"loc":{"start":{"line":13,"column":7},"end":{"line":15,"column":null}},"type":"binary-expr","locations":[{"start":{"line":13,"column":7},"end":{"line":13,"column":null}},{"start":{"line":14,"column":8},"end":{"line":15,"column":null}}],"line":13},"1":{"loc":{"start":{"line":18,"column":7},"end":{"line":24,"column":null}},"type":"binary-expr","locations":[{"start":{"line":18,"column":7},"end":{"line":18,"column":null}},{"start":{"line":19,"column":8},"end":{"line":24,"column":null}}],"line":18}},"s":{"0":4,"1":1},"f":{"0":1},"b":{"0":[1,1],"1":[1,1]},"meta":{"lastBranch":2,"lastFunction":1,"lastStatement":2,"seen":{"s:9:6:24:Infinity":0,"f:9:6:9:51":0,"s:10:2:24:Infinity":1,"b:13:7:13:Infinity:14:8:15:Infinity":0,"b:18:7:18:Infinity:19:8:24:Infinity":1},"fnNames":{}}}
,"/Users/sean_chou/Dev/personal/VeggieRadar/frontend/src/components/Header/Header.tsx": {"path":"/Users/sean_chou/Dev/personal/VeggieRadar/frontend/src/components/Header/Header.tsx","statementMap":{"0":{"start":{"line":9,"column":6},"end":{"line":59,"column":null}},"1":{"start":{"line":10,"column":16},"end":{"line":10,"column":40}},"2":{"start":{"line":12,"column":8},"end":{"line":14,"column":null}},"3":{"start":{"line":13,"column":4},"end":{"line":13,"column":null}},"4":{"start":{"line":14,"column":4},"end":{"line":14,"column":null}},"5":{"start":{"line":17,"column":8},"end":{"line":19,"column":null}},"6":{"start":{"line":18,"column":4},"end":{"line":18,"column":null}},"7":{"start":{"line":19,"column":4},"end":{"line":19,"column":null}},"8":{"start":{"line":22,"column":2},"end":{"line":59,"column":null}},"9":{"start":{"line":35,"column":29},"end":{"line":35,"column":53}}},"fnMap":{"0":{"name":"(anonymous_0)","decl":{"start":{"line":9,"column":6},"end":{"line":9,"column":39}},"loc":{"start":{"line":9,"column":82},"end":{"line":59,"column":null}},"line":9},"1":{"name":"(anonymous_1)","decl":{"start":{"line":12,"column":8},"end":{"line":12,"column":24}},"loc":{"start":{"line":12,"column":47},"end":{"line":14,"column":null}},"line":12},"2":{"name":"(anonymous_2)","decl":{"start":{"line":17,"column":8},"end":{"line":17,"column":28}},"loc":{"start":{"line":17,"column":28},"end":{"line":19,"column":null}},"line":17},"3":{"name":"(anonymous_3)","decl":{"start":{"line":35,"column":12},"end":{"line":35,"column":23}},"loc":{"start":{"line":35,"column":29},"end":{"line":35,"column":53}},"line":35}},"branchMap":{"0":{"loc":{"start":{"line":9,"column":60},"end":{"line":9,"column":82}},"type":"default-arg","locations":[{"start":{"line":9,"column":70},"end":{"line":9,"column":82}}],"line":9},"1":{"loc":{"start":{"line":40,"column":11},"end":{"line":48,"column":null}},"type":"binary-expr","locations":[{"start":{"line":40,"column":11},"end":{"line":40,"column":null}},{"start":{"line":41,"column":12},"end":{"line":48,"column":null}}],"line":40},"2":{"loc":{"start":{"line":55,"column":13},"end":{"line":55,"column":null}},"type":"cond-expr","locations":[{"start":{"line":55,"column":23},"end":{"line":55,"column":31}},{"start":{"line":55,"column":31},"end":{"line":55,"column":null}}],"line":55}},"s":{"0":5,"1":53,"2":53,"3":5,"4":5,"5":53,"6":2,"7":2,"8":53,"9":6},"f":{"0":53,"1":5,"2":2,"3":6},"b":{"0":[53],"1":[53,12],"2":[15,38]},"meta":{"lastBranch":3,"lastFunction":4,"lastStatement":10,"seen":{"s:9:6:59:Infinity":0,"f:9:6:9:39":0,"b:9:70:9:82":0,"s:10:16:10:40":1,"s:12:8:14:Infinity":2,"f:12:8:12:24":1,"s:13:4:13:Infinity":3,"s:14:4:14:Infinity":4,"s:17:8:19:Infinity":5,"f:17:8:17:28":2,"s:18:4:18:Infinity":6,"s:19:4:19:Infinity":7,"s:22:2:59:Infinity":8,"f:35:12:35:23":3,"s:35:29:35:53":9,"b:40:11:40:Infinity:41:12:48:Infinity":1,"b:55:23:55:31:55:31:55:Infinity":2},"fnNames":{}}}
,"/Users/sean_chou/Dev/personal/VeggieRadar/frontend/src/components/ProduceCard/ProduceCard.tsx": {"path":"/Users/sean_chou/Dev/personal/VeggieRadar/frontend/src/components/ProduceCard/ProduceCard.tsx","statementMap":{"0":{"start":{"line":12,"column":6},"end":{"line":104,"column":null}},"1":{"start":{"line":13,"column":15},"end":{"line":13,"column":null}},"2":{"start":{"line":14,"column":15},"end":{"line":14,"column":null}},"3":{"start":{"line":15,"column":15},"end":{"line":15,"column":null}},"4":{"start":{"line":16,"column":16},"end":{"line":16,"column":null}},"5":{"start":{"line":17,"column":16},"end":{"line":17,"column":null}},"6":{"start":{"line":21,"column":8},"end":{"line":21,"column":37}},"7":{"start":{"line":26,"column":21},"end":{"line":26,"column":null}},"8":{"start":{"line":27,"column":23},"end":{"line":27,"column":null}},"9":{"start":{"line":29,"column":8},"end":{"line":29,"column":34}},"10":{"start":{"line":29,"column":21},"end":{"line":29,"column":34}},"11":{"start":{"line":30,"column":8},"end":{"line":33,"column":null}},"12":{"start":{"line":31,"column":4},"end":{"line":33,"column":null}},"13":{"start":{"line":32,"column":6},"end":{"line":32,"column":null}},"14":{"start":{"line":33,"column":6},"end":{"line":33,"column":null}},"15":{"start":{"line":37,"column":2},"end":{"line":104,"column":null}},"16":{"start":{"line":56,"column":14},"end":{"line":56,"column":null}},"17":{"start":{"line":57,"column":14},"end":{"line":57,"column":null}}},"fnMap":{"0":{"name":"(anonymous_0)","decl":{"start":{"line":12,"column":6},"end":{"line":12,"column":49}},"loc":{"start":{"line":12,"column":103},"end":{"line":104,"column":null}},"line":12},"1":{"name":"(anonymous_1)","decl":{"start":{"line":29,"column":8},"end":{"line":29,"column":21}},"loc":{"start":{"line":29,"column":21},"end":{"line":29,"column":34}},"line":29},"2":{"name":"(anonymous_2)","decl":{"start":{"line":30,"column":8},"end":{"line":30,"column":21}},"loc":{"start":{"line":30,"column":48},"end":{"line":33,"column":null}},"line":30},"3":{"name":"(anonymous_3)","decl":{"start":{"line":55,"column":12},"end":{"line":55,"column":22}},"loc":{"start":{"line":55,"column":28},"end":{"line":57,"column":null}},"line":55}},"branchMap":{"0":{"loc":{"start":{"line":12,"column":66},"end":{"line":12,"column":83}},"type":"default-arg","locations":[{"start":{"line":12,"column":76},"end":{"line":12,"column":83}}],"line":12},"1":{"loc":{"start":{"line":15,"column":15},"end":{"line":15,"column":null}},"type":"cond-expr","locations":[{"start":{"line":15,"column":22},"end":{"line":15,"column":37}},{"start":{"line":15,"column":37},"end":{"line":15,"column":null}}],"line":15},"2":{"loc":{"start":{"line":15,"column":37},"end":{"line":15,"column":null}},"type":"cond-expr","locations":[{"start":{"line":15,"column":44},"end":{"line":15,"column":58}},{"start":{"line":15,"column":58},"end":{"line":15,"column":null}}],"line":15},"3":{"loc":{"start":{"line":16,"column":16},"end":{"line":16,"column":null}},"type":"cond-expr","locations":[{"start":{"line":16,"column":23},"end":{"line":16,"column":29}},{"start":{"line":16,"column":29},"end":{"line":16,"column":null}}],"line":16},"4":{"loc":{"start":{"line":16,"column":29},"end":{"line":16,"column":null}},"type":"cond-expr","locations":[{"start":{"line":16,"column":36},"end":{"line":16,"column":42}},{"start":{"line":16,"column":42},"end":{"line":16,"column":null}}],"line":16},"5":{"loc":{"start":{"line":17,"column":16},"end":{"line":17,"column":null}},"type":"cond-expr","locations":[{"start":{"line":17,"column":23},"end":{"line":17,"column":30}},{"start":{"line":17,"column":30},"end":{"line":17,"column":null}}],"line":17},"6":{"loc":{"start":{"line":17,"column":30},"end":{"line":17,"column":null}},"type":"cond-expr","locations":[{"start":{"line":17,"column":37},"end":{"line":17,"column":45}},{"start":{"line":17,"column":45},"end":{"line":17,"column":null}}],"line":17},"7":{"loc":{"start":{"line":27,"column":23},"end":{"line":27,"column":null}},"type":"binary-expr","locations":[{"start":{"line":27,"column":23},"end":{"line":27,"column":45}},{"start":{"line":27,"column":45},"end":{"line":27,"column":null}}],"line":27},"8":{"loc":{"start":{"line":31,"column":4},"end":{"line":33,"column":null}},"type":"if","locations":[{"start":{"line":31,"column":4},"end":{"line":33,"column":null}},{"start":{},"end":{}}],"line":31},"9":{"loc":{"start":{"line":31,"column":8},"end":{"line":31,"column":44}},"type":"binary-expr","locations":[{"start":{"line":31,"column":8},"end":{"line":31,"column":29}},{"start":{"line":31,"column":29},"end":{"line":31,"column":44}}],"line":31},"10":{"loc":{"start":{"line":44,"column":9},"end":{"line":46,"column":null}},"type":"cond-expr","locations":[{"start":{"line":45,"column":12},"end":{"line":45,"column":null}},{"start":{"line":46,"column":12},"end":{"line":46,"column":null}}],"line":44},"11":{"loc":{"start":{"line":47,"column":9},"end":{"line":47,"column":null}},"type":"cond-expr","locations":[{"start":{"line":47,"column":24},"end":{"line":47,"column":74}},{"start":{"line":47,"column":74},"end":{"line":47,"column":null}}],"line":47},"12":{"loc":{"start":{"line":52,"column":9},"end":{"line":68,"column":9}},"type":"binary-expr","locations":[{"start":{"line":52,"column":9},"end":{"line":52,"column":null}},{"start":{"line":53,"column":10},"end":{"line":68,"column":9}}],"line":52},"13":{"loc":{"start":{"line":60,"column":24},"end":{"line":60,"column":null}},"type":"cond-expr","locations":[{"start":{"line":60,"column":34},"end":{"line":60,"column":56}},{"start":{"line":60,"column":56},"end":{"line":60,"column":null}}],"line":60},"14":{"loc":{"start":{"line":62,"column":14},"end":{"line":62,"column":null}},"type":"cond-expr","locations":[{"start":{"line":62,"column":24},"end":{"line":62,"column":38}},{"start":{"line":62,"column":38},"end":{"line":62,"column":null}}],"line":62},"15":{"loc":{"start":{"line":65,"column":13},"end":{"line":65,"column":null}},"type":"cond-expr","locations":[{"start":{"line":65,"column":23},"end":{"line":65,"column":29}},{"start":{"line":65,"column":29},"end":{"line":65,"column":null}}],"line":65},"16":{"loc":{"start":{"line":72,"column":13},"end":{"line":72,"column":null}},"type":"binary-expr","locations":[{"start":{"line":72,"column":13},"end":{"line":72,"column":29}},{"start":{"line":72,"column":29},"end":{"line":72,"column":null}}],"line":72},"17":{"loc":{"start":{"line":79,"column":11},"end":{"line":96,"column":null}},"type":"cond-expr","locations":[{"start":{"line":80,"column":12},"end":{"line":88,"column":null}},{"start":{"line":90,"column":12},"end":{"line":96,"column":null}}],"line":79}},"s":{"0":6,"1":1375,"2":1375,"3":1375,"4":1375,"5":1375,"6":1375,"7":1375,"8":1375,"9":1375,"10":3,"11":1375,"12":3,"13":2,"14":2,"15":1375,"16":2,"17":2},"f":{"0":1375,"1":3,"2":3,"3":2},"b":{"0":[1375],"1":[0,1375],"2":[539,836],"3":[0,1375],"4":[539,836],"5":[0,1375],"6":[539,836],"7":[1375,61],"8":[2,1],"9":[3,2],"10":[1372,3],"11":[31,1344],"12":[1375,1359],"13":[6,1353],"14":[6,1353],"15":[6,1353],"16":[1375,31],"17":[1372,3]},"meta":{"lastBranch":18,"lastFunction":4,"lastStatement":18,"seen":{"s:12:6:104:Infinity":0,"f:12:6:12:49":0,"b:12:76:12:83":0,"s:13:15:13:Infinity":1,"s:14:15:14:Infinity":2,"s:15:15:15:Infinity":3,"b:15:22:15:37:15:37:15:Infinity":1,"b:15:44:15:58:15:58:15:Infinity":2,"s:16:16:16:Infinity":4,"b:16:23:16:29:16:29:16:Infinity":3,"b:16:36:16:42:16:42:16:Infinity":4,"s:17:16:17:Infinity":5,"b:17:23:17:30:17:30:17:Infinity":5,"b:17:37:17:45:17:45:17:Infinity":6,"s:21:8:21:37":6,"s:26:21:26:Infinity":7,"s:27:23:27:Infinity":8,"b:27:23:27:45:27:45:27:Infinity":7,"s:29:8:29:34":9,"f:29:8:29:21":1,"s:29:21:29:34":10,"s:30:8:33:Infinity":11,"f:30:8:30:21":2,"b:31:4:33:Infinity:undefined:undefined:undefined:undefined":8,"s:31:4:33:Infinity":12,"b:31:8:31:29:31:29:31:44":9,"s:32:6:32:Infinity":13,"s:33:6:33:Infinity":14,"s:37:2:104:Infinity":15,"b:45:12:45:Infinity:46:12:46:Infinity":10,"b:47:24:47:74:47:74:47:Infinity":11,"b:52:9:52:Infinity:53:10:68:9":12,"f:55:12:55:22":3,"s:56:14:56:Infinity":16,"s:57:14:57:Infinity":17,"b:60:34:60:56:60:56:60:Infinity":13,"b:62:24:62:38:62:38:62:Infinity":14,"b:65:23:65:29:65:29:65:Infinity":15,"b:72:13:72:29:72:29:72:Infinity":16,"b:80:12:88:Infinity:90:12:96:Infinity":17},"fnNames":{}}}
,"/Users/sean_chou/Dev/personal/VeggieRadar/frontend/src/components/ProduceFilter/ProduceFilter.tsx": {"path":"/Users/sean_chou/Dev/personal/VeggieRadar/frontend/src/components/ProduceFilter/ProduceFilter.tsx","statementMap":{"0":{"start":{"line":14,"column":6},"end":{"line":34,"column":null}},"1":{"start":{"line":15,"column":2},"end":{"line":34,"column":null}},"2":{"start":{"line":19,"column":25},"end":{"line":19,"column":null}},"3":{"start":{"line":20,"column":10},"end":{"line":30,"column":null}},"4":{"start":{"line":23,"column":29},"end":{"line":23,"column":57}}},"fnMap":{"0":{"name":"(anonymous_0)","decl":{"start":{"line":14,"column":6},"end":{"line":14,"column":53}},"loc":{"start":{"line":14,"column":99},"end":{"line":34,"column":null}},"line":14},"1":{"name":"(anonymous_1)","decl":{"start":{"line":18,"column":17},"end":{"line":18,"column":22}},"loc":{"start":{"line":18,"column":33},"end":{"line":30,"column":null}},"line":18},"2":{"name":"(anonymous_2)","decl":{"start":{"line":23,"column":14},"end":{"line":23,"column":29}},"loc":{"start":{"line":23,"column":29},"end":{"line":23,"column":57}},"line":23}},"branchMap":{"0":{"loc":{"start":{"line":25,"column":16},"end":{"line":25,"column":null}},"type":"cond-expr","locations":[{"start":{"line":25,"column":25},"end":{"line":25,"column":50}},{"start":{"line":25,"column":50},"end":{"line":25,"column":null}}],"line":25},"1":{"loc":{"start":{"line":29,"column":15},"end":{"line":29,"column":null}},"type":"binary-expr","locations":[{"start":{"line":29,"column":15},"end":{"line":29,"column":25}},{"start":{"line":29,"column":25},"end":{"line":29,"column":null}}],"line":29}},"s":{"0":5,"1":45,"2":233,"3":233,"4":3},"f":{"0":45,"1":233,"2":3},"b":{"0":[45,188],"1":[233,45]},"meta":{"lastBranch":2,"lastFunction":3,"lastStatement":5,"seen":{"s:14:6:34:Infinity":0,"f:14:6:14:53":0,"s:15:2:34:Infinity":1,"f:18:17:18:22":1,"s:19:25:19:Infinity":2,"s:20:10:30:Infinity":3,"f:23:14:23:29":2,"s:23:29:23:57":4,"b:25:25:25:50:25:50:25:Infinity":0,"b:29:15:29:25:29:25:29:Infinity":1},"fnNames":{}}}
,"/Users/sean_chou/Dev/personal/VeggieRadar/frontend/src/components/ProduceGrid/ProduceList.tsx": {"path":"/Users/sean_chou/Dev/personal/VeggieRadar/frontend/src/components/ProduceGrid/ProduceList.tsx","statementMap":{"0":{"start":{"line":13,"column":19},"end":{"line":13,"column":null}},"1":{"start":{"line":15,"column":6},"end":{"line":26,"column":null}},"2":{"start":{"line":16,"column":2},"end":{"line":26,"column":null}},"3":{"start":{"line":18,"column":6},"end":{"line":24,"column":null}},"4":{"start":{"line":29,"column":6},"end":{"line":47,"column":null}},"5":{"start":{"line":30,"column":2},"end":{"line":31,"column":null}},"6":{"start":{"line":31,"column":4},"end":{"line":31,"column":null}},"7":{"start":{"line":33,"column":2},"end":{"line":34,"column":null}},"8":{"start":{"line":34,"column":4},"end":{"line":34,"column":null}},"9":{"start":{"line":36,"column":2},"end":{"line":47,"column":null}},"10":{"start":{"line":39,"column":8},"end":{"line":45,"column":null}}},"fnMap":{"0":{"name":"(anonymous_0)","decl":{"start":{"line":15,"column":6},"end":{"line":15,"column":null}},"loc":{"start":{"line":16,"column":2},"end":{"line":26,"column":null}},"line":16},"1":{"name":"(anonymous_1)","decl":{"start":{"line":17,"column":31},"end":{"line":17,"column":36}},"loc":{"start":{"line":18,"column":6},"end":{"line":24,"column":null}},"line":18},"2":{"name":"(anonymous_2)","decl":{"start":{"line":29,"column":6},"end":{"line":29,"column":49}},"loc":{"start":{"line":29,"column":119},"end":{"line":47,"column":null}},"line":29},"3":{"name":"(anonymous_3)","decl":{"start":{"line":38,"column":13},"end":{"line":38,"column":18}},"loc":{"start":{"line":39,"column":8},"end":{"line":45,"column":null}},"line":39}},"branchMap":{"0":{"loc":{"start":{"line":29,"column":58},"end":{"line":29,"column":75}},"type":"default-arg","locations":[{"start":{"line":29,"column":68},"end":{"line":29,"column":75}}],"line":29},"1":{"loc":{"start":{"line":30,"column":2},"end":{"line":31,"column":null}},"type":"if","locations":[{"start":{"line":30,"column":2},"end":{"line":31,"column":null}},{"start":{},"end":{}}],"line":30},"2":{"loc":{"start":{"line":33,"column":2},"end":{"line":34,"column":null}},"type":"if","locations":[{"start":{"line":33,"column":2},"end":{"line":34,"column":null}},{"start":{},"end":{}}],"line":33},"3":{"loc":{"start":{"line":33,"column":6},"end":{"line":33,"column":36}},"type":"binary-expr","locations":[{"start":{"line":33,"column":6},"end":{"line":33,"column":16}},{"start":{"line":33,"column":16},"end":{"line":33,"column":36}}],"line":33},"4":{"loc":{"start":{"line":43,"column":19},"end":{"line":43,"column":null}},"type":"binary-expr","locations":[{"start":{"line":43,"column":19},"end":{"line":43,"column":50}},{"start":{"line":43,"column":54},"end":{"line":43,"column":null}}],"line":43}},"s":{"0":5,"1":5,"2":16,"3":128,"4":5,"5":43,"6":16,"7":27,"8":1,"9":26,"10":1359},"f":{"0":16,"1":128,"2":43,"3":1359},"b":{"0":[43],"1":[16,27],"2":[1,26],"3":[27,27],"4":[1359,2]},"meta":{"lastBranch":5,"lastFunction":4,"lastStatement":11,"seen":{"s:13:19:13:Infinity":0,"s:15:6:26:Infinity":1,"f:15:6:15:Infinity":0,"s:16:2:26:Infinity":2,"f:17:31:17:36":1,"s:18:6:24:Infinity":3,"s:29:6:47:Infinity":4,"f:29:6:29:49":2,"b:29:68:29:75":0,"b:30:2:31:Infinity:undefined:undefined:undefined:undefined":1,"s:30:2:31:Infinity":5,"s:31:4:31:Infinity":6,"b:33:2:34:Infinity:undefined:undefined:undefined:undefined":2,"s:33:2:34:Infinity":7,"b:33:6:33:16:33:16:33:36":3,"s:34:4:34:Infinity":8,"s:36:2:47:Infinity":9,"f:38:13:38:18":3,"s:39:8:45:Infinity":10,"b:43:19:43:50:43:54:43:Infinity":4},"fnNames":{}}}
,"/Users/sean_chou/Dev/personal/VeggieRadar/frontend/src/components/ProduceTrendChart/ProduceTrendChart.tsx": {"path":"/Users/sean_chou/Dev/personal/VeggieRadar/frontend/src/components/ProduceTrendChart/ProduceTrendChart.tsx","statementMap":{"0":{"start":{"line":8,"column":6},"end":{"line":32,"column":null}},"1":{"start":{"line":9,"column":2},"end":{"line":10,"column":null}},"2":{"start":{"line":10,"column":4},"end":{"line":10,"column":null}},"3":{"start":{"line":14,"column":20},"end":{"line":17,"column":5}},"4":{"start":{"line":14,"column":49},"end":{"line":17,"column":5}},"5":{"start":{"line":19,"column":2},"end":{"line":32,"column":null}}},"fnMap":{"0":{"name":"(anonymous_0)","decl":{"start":{"line":8,"column":6},"end":{"line":8,"column":61}},"loc":{"start":{"line":8,"column":75},"end":{"line":32,"column":null}},"line":8},"1":{"name":"(anonymous_1)","decl":{"start":{"line":14,"column":26},"end":{"line":14,"column":31}},"loc":{"start":{"line":14,"column":49},"end":{"line":17,"column":5}},"line":14}},"branchMap":{"0":{"loc":{"start":{"line":9,"column":2},"end":{"line":10,"column":null}},"type":"if","locations":[{"start":{"line":9,"column":2},"end":{"line":10,"column":null}},{"start":{},"end":{}}],"line":9},"1":{"loc":{"start":{"line":9,"column":6},"end":{"line":9,"column":36}},"type":"binary-expr","locations":[{"start":{"line":9,"column":6},"end":{"line":9,"column":16}},{"start":{"line":9,"column":16},"end":{"line":9,"column":36}}],"line":9}},"s":{"0":6,"1":4,"2":2,"3":2,"4":14,"5":2},"f":{"0":4,"1":14},"b":{"0":[2,2],"1":[4,3]},"meta":{"lastBranch":2,"lastFunction":2,"lastStatement":6,"seen":{"s:8:6:32:Infinity":0,"f:8:6:8:61":0,"b:9:2:10:Infinity:undefined:undefined:undefined:undefined":0,"s:9:2:10:Infinity":1,"b:9:6:9:16:9:16:9:36":1,"s:10:4:10:Infinity":2,"s:14:20:17:5":3,"f:14:26:14:31":1,"s:14:49:17:5":4,"s:19:2:32:Infinity":5},"fnNames":{}}}
,"/Users/sean_chou/Dev/personal/VeggieRadar/frontend/src/components/ui/dialog.tsx": {"path":"/Users/sean_chou/Dev/personal/VeggieRadar/frontend/src/components/ui/dialog.tsx","statementMap":{"0":{"start":{"line":5,"column":15},"end":{"line":5,"column":null}},"1":{"start":{"line":7,"column":22},"end":{"line":7,"column":null}},"2":{"start":{"line":9,"column":21},"end":{"line":9,"column":null}},"3":{"start":{"line":11,"column":20},"end":{"line":11,"column":null}},"4":{"start":{"line":13,"column":22},"end":{"line":25,"column":null}},"5":{"start":{"line":17,"column":2},"end":{"line":25,"column":null}},"6":{"start":{"line":26,"column":0},"end":{"line":26,"column":null}},"7":{"start":{"line":28,"column":22},"end":{"line":45,"column":null}},"8":{"start":{"line":32,"column":2},"end":{"line":45,"column":null}},"9":{"start":{"line":46,"column":0},"end":{"line":46,"column":null}},"10":{"start":{"line":48,"column":6},"end":{"line":58,"column":null}},"11":{"start":{"line":52,"column":2},"end":{"line":58,"column":null}},"12":{"start":{"line":60,"column":0},"end":{"line":60,"column":null}},"13":{"start":{"line":62,"column":6},"end":{"line":72,"column":null}},"14":{"start":{"line":66,"column":2},"end":{"line":72,"column":null}},"15":{"start":{"line":74,"column":0},"end":{"line":74,"column":null}},"16":{"start":{"line":76,"column":20},"end":{"line":88,"column":null}},"17":{"start":{"line":80,"column":2},"end":{"line":88,"column":null}},"18":{"start":{"line":89,"column":0},"end":{"line":89,"column":null}},"19":{"start":{"line":91,"column":26},"end":{"line":100,"column":null}},"20":{"start":{"line":95,"column":2},"end":{"line":100,"column":null}},"21":{"start":{"line":101,"column":0},"end":{"line":101,"column":null}}},"fnMap":{"0":{"name":"(anonymous_0)","decl":{"start":{"line":13,"column":28},"end":{"line":13,"column":null}},"loc":{"start":{"line":17,"column":2},"end":{"line":25,"column":null}},"line":17},"1":{"name":"(anonymous_1)","decl":{"start":{"line":28,"column":28},"end":{"line":28,"column":null}},"loc":{"start":{"line":32,"column":2},"end":{"line":45,"column":null}},"line":32},"2":{"name":"(anonymous_2)","decl":{"start":{"line":48,"column":6},"end":{"line":48,"column":22}},"loc":{"start":{"line":52,"column":2},"end":{"line":58,"column":null}},"line":52},"3":{"name":"(anonymous_3)","decl":{"start":{"line":62,"column":6},"end":{"line":62,"column":22}},"loc":{"start":{"line":66,"column":2},"end":{"line":72,"column":null}},"line":66},"4":{"name":"(anonymous_4)","decl":{"start":{"line":76,"column":26},"end":{"line":76,"column":null}},"loc":{"start":{"line":80,"column":2},"end":{"line":88,"column":null}},"line":80},"5":{"name":"(anonymous_5)","decl":{"start":{"line":91,"column":32},"end":{"line":91,"column":null}},"loc":{"start":{"line":95,"column":2},"end":{"line":100,"column":null}},"line":95}},"branchMap":{},"s":{"0":5,"1":5,"2":5,"3":5,"4":5,"5":34,"6":5,"7":5,"8":36,"9":5,"10":5,"11":17,"12":5,"13":5,"14":0,"15":5,"16":5,"17":17,"18":5,"19":5,"20":17,"21":5},"f":{"0":34,"1":36,"2":17,"3":0,"4":17,"5":17},"b":{},"meta":{"lastBranch":0,"lastFunction":6,"lastStatement":22,"seen":{"s:5:15:5:Infinity":0,"s:7:22:7:Infinity":1,"s:9:21:9:Infinity":2,"s:11:20:11:Infinity":3,"s:13:22:25:Infinity":4,"f:13:28:13:Infinity":0,"s:17:2:25:Infinity":5,"s:26:0:26:Infinity":6,"s:28:22:45:Infinity":7,"f:28:28:28:Infinity":1,"s:32:2:45:Infinity":8,"s:46:0:46:Infinity":9,"s:48:6:58:Infinity":10,"f:48:6:48:22":2,"s:52:2:58:Infinity":11,"s:60:0:60:Infinity":12,"s:62:6:72:Infinity":13,"f:62:6:62:22":3,"s:66:2:72:Infinity":14,"s:74:0:74:Infinity":15,"s:76:20:88:Infinity":16,"f:76:26:76:Infinity":4,"s:80:2:88:Infinity":17,"s:89:0:89:Infinity":18,"s:91:26:100:Infinity":19,"f:91:32:91:Infinity":5,"s:95:2:100:Infinity":20,"s:101:0:101:Infinity":21},"fnNames":{}}}
,"/Users/sean_chou/Dev/personal/VeggieRadar/frontend/src/hooks/useWatchlist.ts": {"path":"/Users/sean_chou/Dev/personal/VeggieRadar/frontend/src/hooks/useWatchlist.ts","statementMap":{"0":{"start":{"line":3,"column":20},"end":{"line":3,"column":null}},"1":{"start":{"line":7,"column":2},"end":{"line":13,"column":null}},"2":{"start":{"line":8,"column":16},"end":{"line":8,"column":49}},"3":{"start":{"line":9,"column":4},"end":{"line":9,"column":null}},"4":{"start":{"line":9,"column":14},"end":{"line":9,"column":null}},"5":{"start":{"line":10,"column":28},"end":{"line":10,"column":43}},"6":{"start":{"line":11,"column":4},"end":{"line":11,"column":null}},"7":{"start":{"line":11,"column":69},"end":{"line":11,"column":91}},"8":{"start":{"line":13,"column":4},"end":{"line":13,"column":null}},"9":{"start":{"line":22,"column":14},"end":{"line":22,"column":57}},"10":{"start":{"line":24,"column":2},"end":{"line":30,"column":null}},"11":{"start":{"line":25,"column":4},"end":{"line":27,"column":null}},"12":{"start":{"line":26,"column":6},"end":{"line":26,"column":null}},"13":{"start":{"line":32,"column":8},"end":{"line":36,"column":8}},"14":{"start":{"line":33,"column":4},"end":{"line":35,"column":null}},"15":{"start":{"line":34,"column":6},"end":{"line":34,"column":79}},"16":{"start":{"line":34,"column":51},"end":{"line":34,"column":60}},"17":{"start":{"line":38,"column":8},"end":{"line":38,"column":72}},"18":{"start":{"line":38,"column":48},"end":{"line":38,"column":64}},"19":{"start":{"line":40,"column":2},"end":{"line":40,"column":null}}},"fnMap":{"0":{"name":"loadWatchlist","decl":{"start":{"line":6,"column":9},"end":{"line":6,"column":35}},"loc":{"start":{"line":6,"column":35},"end":{"line":13,"column":null}},"line":6},"1":{"name":"(anonymous_1)","decl":{"start":{"line":11,"column":42},"end":{"line":11,"column":50}},"loc":{"start":{"line":11,"column":69},"end":{"line":11,"column":91}},"line":11},"2":{"name":"useWatchlist","decl":{"start":{"line":21,"column":16},"end":{"line":21,"column":31}},"loc":{"start":{"line":21,"column":31},"end":{"line":40,"column":null}},"line":21},"3":{"name":"(anonymous_3)","decl":{"start":{"line":24,"column":2},"end":{"line":24,"column":18}},"loc":{"start":{"line":24,"column":18},"end":{"line":30,"column":6}},"line":24},"4":{"name":"(anonymous_4)","decl":{"start":{"line":32,"column":17},"end":{"line":32,"column":30}},"loc":{"start":{"line":32,"column":45},"end":{"line":36,"column":7}},"line":32},"5":{"name":"(anonymous_5)","decl":{"start":{"line":33,"column":4},"end":{"line":33,"column":12}},"loc":{"start":{"line":34,"column":6},"end":{"line":34,"column":79}},"line":34},"6":{"name":"(anonymous_6)","decl":{"start":{"line":34,"column":37},"end":{"line":34,"column":45}},"loc":{"start":{"line":34,"column":51},"end":{"line":34,"column":60}},"line":34},"7":{"name":"(anonymous_7)","decl":{"start":{"line":38,"column":20},"end":{"line":38,"column":33}},"loc":{"start":{"line":38,"column":48},"end":{"line":38,"column":64}},"line":38}},"branchMap":{"0":{"loc":{"start":{"line":9,"column":4},"end":{"line":9,"column":null}},"type":"if","locations":[{"start":{"line":9,"column":4},"end":{"line":9,"column":null}},{"start":{},"end":{}}],"line":9},"1":{"loc":{"start":{"line":11,"column":11},"end":{"line":11,"column":96}},"type":"cond-expr","locations":[{"start":{"line":11,"column":35},"end":{"line":11,"column":91}},{"start":{"line":11,"column":94},"end":{"line":11,"column":96}}],"line":11},"2":{"loc":{"start":{"line":34,"column":6},"end":{"line":34,"column":79}},"type":"cond-expr","locations":[{"start":{"line":34,"column":29},"end":{"line":34,"column":60}},{"start":{"line":34,"column":63},"end":{"line":34,"column":79}}],"line":34}},"s":{"0":5,"1":17,"2":17,"3":17,"4":10,"5":7,"6":7,"7":3,"8":1,"9":49,"10":49,"11":21,"12":21,"13":49,"14":4,"15":4,"16":1,"17":49,"18":1455,"19":49},"f":{"0":17,"1":3,"2":49,"3":21,"4":4,"5":4,"6":1,"7":1455},"b":{"0":[10,7],"1":[6,0],"2":[1,3]},"meta":{"lastBranch":3,"lastFunction":8,"lastStatement":20,"seen":{"s:3:20:3:Infinity":0,"f:6:9:6:35":0,"s:7:2:13:Infinity":1,"s:8:16:8:49":2,"b:9:4:9:Infinity:undefined:undefined:undefined:undefined":0,"s:9:4:9:Infinity":3,"s:9:14:9:Infinity":4,"s:10:28:10:43":5,"s:11:4:11:Infinity":6,"b:11:35:11:91:11:94:11:96":1,"f:11:42:11:50":1,"s:11:69:11:91":7,"s:13:4:13:Infinity":8,"f:21:16:21:31":2,"s:22:14:22:57":9,"s:24:2:30:Infinity":10,"f:24:2:24:18":3,"s:25:4:27:Infinity":11,"s:26:6:26:Infinity":12,"s:32:8:36:8":13,"f:32:17:32:30":4,"s:33:4:35:Infinity":14,"f:33:4:33:12":5,"s:34:6:34:79":15,"b:34:29:34:60:34:63:34:79":2,"f:34:37:34:45":6,"s:34:51:34:60":16,"s:38:8:38:72":17,"f:38:20:38:33":7,"s:38:48:38:64":18,"s:40:2:40:Infinity":19},"fnNames":{}}}
,"/Users/sean_chou/Dev/personal/VeggieRadar/frontend/src/lib/utils.ts": {"path":"/Users/sean_chou/Dev/personal/VeggieRadar/frontend/src/lib/utils.ts","statementMap":{"0":{"start":{"line":5,"column":2},"end":{"line":5,"column":null}}},"fnMap":{"0":{"name":"cn","decl":{"start":{"line":4,"column":16},"end":{"line":4,"column":19}},"loc":{"start":{"line":4,"column":44},"end":{"line":5,"column":null}},"line":4}},"branchMap":{},"s":{"0":121},"f":{"0":121},"b":{},"meta":{"lastBranch":0,"lastFunction":1,"lastStatement":1,"seen":{"f:4:16:4:19":0,"s:5:2:5:Infinity":0},"fnNames":{}}}
,"/Users/sean_chou/Dev/personal/VeggieRadar/frontend/src/lib/utils/freshness.ts": {"path":"/Users/sean_chou/Dev/personal/VeggieRadar/frontend/src/lib/utils/freshness.ts","statementMap":{"0":{"start":{"line":33,"column":19},"end":{"line":33,"column":null}},"1":{"start":{"line":35,"column":6},"end":{"line":35,"column":53}},"2":{"start":{"line":35,"column":27},"end":{"line":35,"column":53}},"3":{"start":{"line":38,"column":12},"end":{"line":38,"column":25}},"4":{"start":{"line":39,"column":2},"end":{"line":39,"column":null}},"5":{"start":{"line":39,"column":33},"end":{"line":39,"column":null}},"6":{"start":{"line":40,"column":2},"end":{"line":40,"column":null}},"7":{"start":{"line":44,"column":20},"end":{"line":44,"column":null}},"8":{"start":{"line":49,"column":2},"end":{"line":50,"column":null}},"9":{"start":{"line":50,"column":4},"end":{"line":50,"column":null}},"10":{"start":{"line":52,"column":2},"end":{"line":52,"column":null}},"11":{"start":{"line":52,"column":19},"end":{"line":52,"column":null}},"12":{"start":{"line":56,"column":17},"end":{"line":56,"column":53}},"13":{"start":{"line":57,"column":2},"end":{"line":57,"column":null}},"14":{"start":{"line":57,"column":28},"end":{"line":57,"column":null}},"15":{"start":{"line":58,"column":16},"end":{"line":59,"column":null}},"16":{"start":{"line":61,"column":14},"end":{"line":61,"column":55}},"17":{"start":{"line":63,"column":2},"end":{"line":63,"column":null}},"18":{"start":{"line":63,"column":16},"end":{"line":63,"column":null}},"19":{"start":{"line":64,"column":2},"end":{"line":64,"column":null}},"20":{"start":{"line":64,"column":17},"end":{"line":64,"column":null}},"21":{"start":{"line":65,"column":2},"end":{"line":65,"column":null}}},"fnMap":{"0":{"name":"(anonymous_0)","decl":{"start":{"line":35,"column":6},"end":{"line":35,"column":13}},"loc":{"start":{"line":35,"column":27},"end":{"line":35,"column":53}},"line":35},"1":{"name":"formatCheckedAt","decl":{"start":{"line":37,"column":9},"end":{"line":37,"column":25}},"loc":{"start":{"line":37,"column":53},"end":{"line":40,"column":null}},"line":37},"2":{"name":"describeFreshness","decl":{"start":{"line":43,"column":16},"end":{"line":43,"column":34}},"loc":{"start":{"line":43,"column":98},"end":{"line":65,"column":null}},"line":43}},"branchMap":{"0":{"loc":{"start":{"line":39,"column":2},"end":{"line":39,"column":null}},"type":"if","locations":[{"start":{"line":39,"column":2},"end":{"line":39,"column":null}},{"start":{},"end":{}}],"line":39},"1":{"loc":{"start":{"line":43,"column":57},"end":{"line":43,"column":79}},"type":"default-arg","locations":[{"start":{"line":43,"column":69},"end":{"line":43,"column":79}}],"line":43},"2":{"loc":{"start":{"line":44,"column":20},"end":{"line":44,"column":null}},"type":"cond-expr","locations":[{"start":{"line":44,"column":40},"end":{"line":44,"column":74}},{"start":{"line":44,"column":77},"end":{"line":44,"column":null}}],"line":44},"3":{"loc":{"start":{"line":49,"column":2},"end":{"line":50,"column":null}},"type":"if","locations":[{"start":{"line":49,"column":2},"end":{"line":50,"column":null}},{"start":{},"end":{}}],"line":49},"4":{"loc":{"start":{"line":52,"column":2},"end":{"line":52,"column":null}},"type":"if","locations":[{"start":{"line":52,"column":2},"end":{"line":52,"column":null}},{"start":{},"end":{}}],"line":52},"5":{"loc":{"start":{"line":57,"column":2},"end":{"line":57,"column":null}},"type":"if","locations":[{"start":{"line":57,"column":2},"end":{"line":57,"column":null}},{"start":{},"end":{}}],"line":57},"6":{"loc":{"start":{"line":63,"column":2},"end":{"line":63,"column":null}},"type":"if","locations":[{"start":{"line":63,"column":2},"end":{"line":63,"column":null}},{"start":{},"end":{}}],"line":63},"7":{"loc":{"start":{"line":64,"column":2},"end":{"line":64,"column":null}},"type":"if","locations":[{"start":{"line":64,"column":2},"end":{"line":64,"column":null}},{"start":{},"end":{}}],"line":64}},"s":{"0":5,"1":5,"2":108,"3":19,"4":19,"5":1,"6":18,"7":23,"8":23,"9":2,"10":21,"11":2,"12":19,"13":19,"14":1,"15":18,"16":18,"17":18,"18":1,"19":17,"20":1,"21":16},"f":{"0":108,"1":19,"2":23},"b":{"0":[1,18],"1":[23],"2":[19,4],"3":[2,21],"4":[2,19],"5":[1,18],"6":[1,17],"7":[1,16]},"meta":{"lastBranch":8,"lastFunction":3,"lastStatement":22,"seen":{"s:33:19:33:Infinity":0,"s:35:6:35:53":1,"f:35:6:35:13":0,"s:35:27:35:53":2,"f:37:9:37:25":1,"s:38:12:38:25":3,"b:39:2:39:Infinity:undefined:undefined:undefined:undefined":0,"s:39:2:39:Infinity":4,"s:39:33:39:Infinity":5,"s:40:2:40:Infinity":6,"f:43:16:43:34":2,"b:43:69:43:79":1,"s:44:20:44:Infinity":7,"b:44:40:44:74:44:77:44:Infinity":2,"b:49:2:50:Infinity:undefined:undefined:undefined:undefined":3,"s:49:2:50:Infinity":8,"s:50:4:50:Infinity":9,"b:52:2:52:Infinity:undefined:undefined:undefined:undefined":4,"s:52:2:52:Infinity":10,"s:52:19:52:Infinity":11,"s:56:17:56:53":12,"b:57:2:57:Infinity:undefined:undefined:undefined:undefined":5,"s:57:2:57:Infinity":13,"s:57:28:57:Infinity":14,"s:58:16:59:Infinity":15,"s:61:14:61:55":16,"b:63:2:63:Infinity:undefined:undefined:undefined:undefined":6,"s:63:2:63:Infinity":17,"s:63:16:63:Infinity":18,"b:64:2:64:Infinity:undefined:undefined:undefined:undefined":7,"s:64:2:64:Infinity":19,"s:64:17:64:Infinity":20,"s:65:2:65:Infinity":21},"fnNames":{}}}
[...]
,"/Users/sean_chou/Dev/personal/VeggieRadar/frontend/src/lib/utils/value-sort.ts": {"path":"/Users/sean_chou/Dev/personal/VeggieRadar/frontend/src/lib/utils/value-sort.ts","statementMap":{"0":{"start":{"line":12,"column":13},"end":{"line":14,"column":null}},"1":{"start":{"line":15,"column":13},"end":{"line":17,"column":null}},"2":{"start":{"line":18,"column":2},"end":{"line":18,"column":null}}},"fnMap":{"0":{"name":"byValueFirst","decl":{"start":{"line":11,"column":16},"end":{"line":11,"column":29}},"loc":{"start":{"line":11,"column":69},"end":{"line":18,"column":null}},"line":11}},"branchMap":{"0":{"loc":{"start":{"line":12,"column":13},"end":{"line":14,"column":null}},"type":"cond-expr","locations":[{"start":{"line":13,"column":7},"end":{"line":13,"column":null}},{"start":{"line":14,"column":6},"end":{"line":14,"column":null}}],"line":12},"1":{"loc":{"start":{"line":15,"column":13},"end":{"line":17,"column":null}},"type":"cond-expr","locations":[{"start":{"line":16,"column":7},"end":{"line":16,"column":null}},{"start":{"line":17,"column":6},"end":{"line":17,"column":null}}],"line":15}},"s":{"0":614,"1":614,"2":614},"f":{"0":614},"b":{"0":[34,580],"1":[34,580]},"meta":{"lastBranch":2,"lastFunction":1,"lastStatement":3,"seen":{"f:11:16:11:29":0,"s:12:13:14:Infinity":0,"b:13:7:13:Infinity:14:6:14:Infinity":0,"s:15:13:17:Infinity":1,"b:16:7:16:Infinity:17:6:17:Infinity":1,"s:18:2:18:Infinity":2},"fnNames":{}}}
,"/Users/sean_chou/Dev/personal/VeggieRadar/frontend/src/services/api.ts": {"path":"/Users/sean_chou/Dev/personal/VeggieRadar/frontend/src/services/api.ts","statementMap":{"0":{"start":{"line":28,"column":21},"end":{"line":28,"column":null}},"1":{"start":{"line":36,"column":25},"end":{"line":36,"column":null}},"2":{"start":{"line":37,"column":26},"end":{"line":37,"column":null}},"3":{"start":{"line":38,"column":25},"end":{"line":38,"column":null}},"4":{"start":{"line":40,"column":24},"end":{"line":40,"column":null}},"5":{"start":{"line":48,"column":21},"end":{"line":48,"column":42}},"6":{"start":{"line":49,"column":16},"end":{"line":49,"column":63}},"7":{"start":{"line":49,"column":33},"end":{"line":49,"column":51}},"8":{"start":{"line":50,"column":2},"end":{"line":67,"column":null}},"9":{"start":{"line":51,"column":15},"end":{"line":51,"column":53}},"10":{"start":{"line":52,"column":21},"end":{"line":52,"column":88}},"11":{"start":{"line":53,"column":4},"end":{"line":54,"column":null}},"12":{"start":{"line":54,"column":6},"end":{"line":54,"column":null}},"13":{"start":{"line":56,"column":17},"end":{"line":56,"column":38}},"14":{"start":{"line":57,"column":4},"end":{"line":64,"column":null}},"15":{"start":{"line":58,"column":6},"end":{"line":58,"column":null}},"16":{"start":{"line":63,"column":6},"end":{"line":63,"column":null}},"17":{"start":{"line":64,"column":6},"end":{"line":64,"column":null}},"18":{"start":{"line":67,"column":4},"end":{"line":67,"column":null}},"19":{"start":{"line":72,"column":2},"end":{"line":73,"column":null}},"20":{"start":{"line":73,"column":4},"end":{"line":73,"column":null}},"21":{"start":{"line":75,"column":2},"end":{"line":75,"column":null}},"22":{"start":{"line":83,"column":2},"end":{"line":83,"column":null}},"23":{"start":{"line":83,"column":21},"end":{"line":83,"column":null}},"24":{"start":{"line":84,"column":2},"end":{"line":93,"column":null}},"25":{"start":{"line":85,"column":16},"end":{"line":85,"column":53}},"26":{"start":{"line":86,"column":4},"end":{"line":86,"column":null}},"27":{"start":{"line":86,"column":14},"end":{"line":86,"column":null}},"28":{"start":{"line":87,"column":19},"end":{"line":87,"column":34}},"29":{"start":{"line":88,"column":4},"end":{"line":89,"column":null}},"30":{"start":{"line":89,"column":6},"end":{"line":89,"column":null}},"31":{"start":{"line":91,"column":4},"end":{"line":91,"column":null}},"32":{"start":{"line":93,"column":4},"end":{"line":93,"column":null}},"33":{"start":{"line":98,"column":2},"end":{"line":98,"column":null}},"34":{"start":{"line":98,"column":21},"end":{"line":98,"column":null}},"35":{"start":{"line":99,"column":2},"end":{"line":101,"column":null}},"36":{"start":{"line":100,"column":4},"end":{"line":100,"column":null}},"37":{"start":{"line":113,"column":2},"end":{"line":124,"column":null}},"38":{"start":{"line":113,"column":21},"end":{"line":113,"column":24}},"39":{"start":{"line":114,"column":4},"end":{"line":124,"column":null}},"40":{"start":{"line":115,"column":18},"end":{"line":115,"column":70}},"41":{"start":{"line":116,"column":6},"end":{"line":117,"column":null}},"42":{"start":{"line":117,"column":8},"end":{"line":117,"column":null}},"43":{"start":{"line":119,"column":6},"end":{"line":119,"column":null}},"44":{"start":{"line":121,"column":6},"end":{"line":121,"column":null}},"45":{"start":{"line":122,"column":35},"end":{"line":122,"column":64}},"46":{"start":{"line":123,"column":6},"end":{"line":123,"column":null}},"47":{"start":{"line":124,"column":6},"end":{"line":124,"column":null}},"48":{"start":{"line":127,"column":2},"end":{"line":127,"column":null}},"49":{"start":{"line":132,"column":18},"end":{"line":132,"column":30}},"50":{"start":{"line":133,"column":2},"end":{"line":134,"column":null}},"51":{"start":{"line":134,"column":4},"end":{"line":134,"column":null}},"52":{"start":{"line":136,"column":2},"end":{"line":141,"column":null}},"53":{"start":{"line":137,"column":4},"end":{"line":137,"column":null}},"54":{"start":{"line":141,"column":4},"end":{"line":141,"column":null}},"55":{"start":{"line":148,"column":19},"end":{"line":148,"column":46}},"56":{"start":{"line":149,"column":24},"end":{"line":149,"column":null}},"57":{"start":{"line":153,"column":18},"end":{"line":153,"column":33}},"58":{"start":{"line":154,"column":2},"end":{"line":154,"column":null}},"59":{"start":{"line":154,"column":33},"end":{"line":154,"column":null}},"60":{"start":{"line":155,"column":14},"end":{"line":155,"column":null}},"61":{"start":{"line":156,"column":17},"end":{"line":156,"column":36}},"62":{"start":{"line":157,"column":2},"end":{"line":157,"column":null}},"63":{"start":{"line":157,"column":14},"end":{"line":157,"column":null}},"64":{"start":{"line":158,"column":2},"end":{"line":175,"column":null}},"65":{"start":{"line":159,"column":18},"end":{"line":161,"column":null}},"66":{"start":{"line":163,"column":18},"end":{"line":165,"column":10}},"67":{"start":{"line":164,"column":55},"end":{"line":164,"column":76}},"68":{"start":{"line":166,"column":4},"end":{"line":171,"column":null}},"69":{"start":{"line":167,"column":6},"end":{"line":169,"column":null}},"70":{"start":{"line":168,"column":23},"end":{"line":168,"column":null}},"71":{"start":{"line":169,"column":8},"end":{"line":169,"column":null}},"72":{"start":{"line":169,"column":34},"end":{"line":169,"column":null}},"73":{"start":{"line":171,"column":6},"end":{"line":171,"column":null}},"74":{"start":{"line":173,"column":4},"end":{"line":173,"column":null}},"75":{"start":{"line":175,"column":4},"end":{"line":175,"column":null}},"76":{"start":{"line":181,"column":2},"end":{"line":193,"column":null}},"77":{"start":{"line":182,"column":14},"end":{"line":182,"column":null}},"78":{"start":{"line":183,"column":18},"end":{"line":184,"column":null}},"79":{"start":{"line":184,"column":14},"end":{"line":184,"column":65}},"80":{"start":{"line":186,"column":35},"end":{"line":192,"column":null}},"81":{"start":{"line":193,"column":4},"end":{"line":193,"column":null}},"82":{"start":{"line":198,"column":2},"end":{"line":198,"column":null}}},"fnMap":{"0":{"name":"fetchJson","decl":{"start":{"line":47,"column":15},"end":{"line":47,"column":25}},"loc":{"start":{"line":47,"column":94},"end":{"line":67,"column":null}},"line":47},"1":{"name":"(anonymous_1)","decl":{"start":{"line":49,"column":16},"end":{"line":49,"column":33}},"loc":{"start":{"line":49,"column":33},"end":{"line":49,"column":51}},"line":49},"2":{"name":"callApi","decl":{"start":{"line":71,"column":15},"end":{"line":71,"column":23}},"loc":{"start":{"line":71,"column":96},"end":{"line":75,"column":null}},"line":71},"3":{"name":"readCachedBoard","decl":{"start":{"line":82,"column":16},"end":{"line":82,"column":56}},"loc":{"start":{"line":82,"column":56},"end":{"line":93,"column":null}},"line":82},"4":{"name":"writeCachedBoard","decl":{"start":{"line":97,"column":9},"end":{"line":97,"column":26}},"loc":{"start":{"line":97,"column":54},"end":{"line":101,"column":null}},"line":97},"5":{"name":"fetchBoard","decl":{"start":{"line":111,"column":22},"end":{"line":111,"column":57}},"loc":{"start":{"line":111,"column":57},"end":{"line":127,"column":null}},"line":111},"6":{"name":"searchProduce","decl":{"start":{"line":131,"column":22},"end":{"line":131,"column":36}},"loc":{"start":{"line":131,"column":73},"end":{"line":141,"column":null}},"line":131},"7":{"name":"fetchProduceTrend","decl":{"start":{"line":152,"column":22},"end":{"line":152,"column":40}},"loc":{"start":{"line":152,"column":91},"end":{"line":175,"column":null}},"line":152},"8":{"name":"(anonymous_8)","decl":{"start":{"line":164,"column":19},"end":{"line":164,"column":27}},"loc":{"start":{"line":164,"column":55},"end":{"line":164,"column":76}},"line":164},"9":{"name":"mockResponse","decl":{"start":{"line":180,"column":9},"end":{"line":180,"column":22}},"loc":{"start":{"line":180,"column":67},"end":{"line":198,"column":null}},"line":180},"10":{"name":"(anonymous_10)","decl":{"start":{"line":183,"column":35},"end":{"line":183,"column":null}},"loc":{"start":{"line":184,"column":14},"end":{"line":184,"column":65}},"line":184}},"branchMap":{"0":{"loc":{"start":{"line":53,"column":4},"end":{"line":54,"column":null}},"type":"if","locations":[{"start":{"line":53,"column":4},"end":{"line":54,"column":null}},{"start":{},"end":{}}],"line":53},"1":{"loc":{"start":{"line":72,"column":2},"end":{"line":73,"column":null}},"type":"if","locations":[{"start":{"line":72,"column":2},"end":{"line":73,"column":null}},{"start":{},"end":{}}],"line":72},"2":{"loc":{"start":{"line":83,"column":2},"end":{"line":83,"column":null}},"type":"if","locations":[{"start":{"line":83,"column":2},"end":{"line":83,"column":null}},{"start":{},"end":{}}],"line":83},"3":{"loc":{"start":{"line":86,"column":4},"end":{"line":86,"column":null}},"type":"if","locations":[{"start":{"line":86,"column":4},"end":{"line":86,"column":null}},{"start":{},"end":{}}],"line":86},"4":{"loc":{"start":{"line":88,"column":4},"end":{"line":89,"column":null}},"type":"if","locations":[{"start":{"line":88,"column":4},"end":{"line":89,"column":null}},{"start":{},"end":{}}],"line":88},"5":{"loc":{"start":{"line":88,"column":8},"end":{"line":88,"column":105}},"type":"binary-expr","locations":[{"start":{"line":88,"column":8},"end":{"line":88,"column":19}},{"start":{"line":88,"column":19},"end":{"line":88,"column":46}},{"start":{"line":88,"column":46},"end":{"line":88,"column":74}},{"start":{"line":88,"column":78},"end":{"line":88,"column":105}}],"line":88},"6":{"loc":{"start":{"line":98,"column":2},"end":{"line":98,"column":null}},"type":"if","locations":[{"start":{"line":98,"column":2},"end":{"line":98,"column":null}},{"start":{},"end":{}}],"line":98},"7":{"loc":{"start":{"line":116,"column":6},"end":{"line":117,"column":null}},"type":"if","locations":[{"start":{"line":116,"column":6},"end":{"line":117,"column":null}},{"start":{},"end":{}}],"line":116},"8":{"loc":{"start":{"line":116,"column":10},"end":{"line":116,"column":76}},"type":"binary-expr","locations":[{"start":{"line":116,"column":10},"end":{"line":116,"column":26}},{"start":{"line":116,"column":30},"end":{"line":116,"column":54}},{"start":{"line":116,"column":54},"end":{"line":116,"column":76}}],"line":116},"9":{"loc":{"start":{"line":133,"column":2},"end":{"line":134,"column":null}},"type":"if","locations":[{"start":{"line":133,"column":2},"end":{"line":134,"column":null}},{"start":{},"end":{}}],"line":133},"10":{"loc":{"start":{"line":154,"column":2},"end":{"line":154,"column":null}},"type":"if","locations":[{"start":{"line":154,"column":2},"end":{"line":154,"column":null}},{"start":{},"end":{}}],"line":154},"11":{"loc":{"start":{"line":154,"column":6},"end":{"line":154,"column":33}},"type":"binary-expr","locations":[{"start":{"line":154,"column":6},"end":{"line":154,"column":18}},{"start":{"line":154,"column":18},"end":{"line":154,"column":33}}],"line":154},"12":{"loc":{"start":{"line":157,"column":2},"end":{"line":157,"column":null}},"type":"if","locations":[{"start":{"line":157,"column":2},"end":{"line":157,"column":null}},{"start":{},"end":{}}],"line":157},"13":{"loc":{"start":{"line":163,"column":18},"end":{"line":165,"column":10}},"type":"cond-expr","locations":[{"start":{"line":164,"column":8},"end":{"line":164,"column":76}},{"start":{"line":165,"column":8},"end":{"line":165,"column":10}}],"line":163},"14":{"loc":{"start":{"line":166,"column":4},"end":{"line":171,"column":null}},"type":"if","locations":[{"start":{"line":166,"column":4},"end":{"line":171,"column":null}},{"start":{},"end":{}}],"line":166},"15":{"loc":{"start":{"line":167,"column":6},"end":{"line":169,"column":null}},"type":"if","locations":[{"start":{"line":167,"column":6},"end":{"line":169,"column":null}},{"start":{},"end":{}}],"line":167},"16":{"loc":{"start":{"line":169,"column":8},"end":{"line":169,"column":null}},"type":"if","locations":[{"start":{"line":169,"column":8},"end":{"line":169,"column":null}},{"start":{},"end":{}}],"line":169},"17":{"loc":{"start":{"line":181,"column":2},"end":{"line":193,"column":null}},"type":"if","locations":[{"start":{"line":181,"column":2},"end":{"line":193,"column":null}},{"start":{},"end":{}}],"line":181},"18":{"loc":{"start":{"line":184,"column":14},"end":{"line":184,"column":65}},"type":"binary-expr","locations":[{"start":{"line":184,"column":14},"end":{"line":184,"column":33}},{"start":{"line":184,"column":37},"end":{"line":184,"column":65}}],"line":184},"19":{"loc":{"start":{"line":193,"column":11},"end":{"line":193,"column":null}},"type":"cond-expr","locations":[{"start":{"line":193,"column":26},"end":{"line":193,"column":35}},{"start":{"line":193,"column":35},"end":{"line":193,"column":null}}],"line":193}},"s":{"0":17,"1":17,"2":17,"3":17,"4":17,"5":72,"6":72,"7":3,"8":72,"9":72,"10":72,"11":60,"12":0,"13":60,"14":60,"15":60,"16":3,"17":3,"18":72,"19":31,"20":14,"21":17,"22":19,"23":11,"24":8,"25":8,"26":8,"27":1,"28":7,"29":7,"30":2,"31":4,"32":1,"33":14,"34":11,"35":3,"36":3,"37":18,"38":18,"39":26,"40":26,"41":14,"42":14,"43":14,"44":12,"45":12,"46":12,"47":12,"48":4,"49":5,"50":5,"51":0,"52":5,"53":5,"54":2,"55":17,"56":17,"57":74,"58":74,"59":17,"60":57,"61":57,"62":57,"63":2,"64":55,"65":55,"66":54,"67":56,"68":74,"69":54,"70":2,"71":2,"72":2,"73":54,"74":54,"75":1,"76":14,"77":3,"78":3,"79":282,"80":3,"81":3,"82":11},"f":{"0":72,"1":3,"2":31,"3":19,"4":14,"5":18,"6":5,"7":74,"8":56,"9":14,"10":282},"b":{"0":[0,60],"1":[14,17],"2":[11,8],"3":[1,7],"4":[2,5],"5":[7,6,5,5],"6":[11,3],"7":[14,0],"8":[14,14,14],"9":[0,5],"10":[17,57],"11":[74,74],"12":[2,55],"13":[54,0],"14":[54,20],"15":[2,52],"16":[2,0],"17":[3,11],"18":[282,281],"19":[1,2]},"meta":{"lastBranch":20,"lastFunction":11,"lastStatement":83,"seen":{"s:28:21:28:Infinity":0,"s:36:25:36:Infinity":1,"s:37:26:37:Infinity":2,"s:38:25:38:Infinity":3,"s:40:24:40:Infinity":4,"f:47:15:47:25":0,"s:48:21:48:42":5,"s:49:16:49:63":6,"f:49:16:49:33":1,"s:49:33:49:51":7,"s:50:2:67:Infinity":8,"s:51:15:51:53":9,"s:52:21:52:88":10,"b:53:4:54:Infinity:undefined:undefined:undefined:undefined":0,"s:53:4:54:Infinity":11,"s:54:6:54:Infinity":12,"s:56:17:56:38":13,"s:57:4:64:Infinity":14,"s:58:6:58:Infinity":15,"s:63:6:63:Infinity":16,"s:64:6:64:Infinity":17,"s:67:4:67:Infinity":18,"f:71:15:71:23":2,"b:72:2:73:Infinity:undefined:undefined:undefined:undefined":1,"s:72:2:73:Infinity":19,"s:73:4:73:Infinity":20,"s:75:2:75:Infinity":21,"f:82:16:82:56":3,"b:83:2:83:Infinity:undefined:undefined:undefined:undefined":2,"s:83:2:83:Infinity":22,"s:83:21:83:Infinity":23,"s:84:2:93:Infinity":24,"s:85:16:85:53":25,"b:86:4:86:Infinity:undefined:undefined:undefined:undefined":3,"s:86:4:86:Infinity":26,"s:86:14:86:Infinity":27,"s:87:19:87:34":28,"b:88:4:89:Infinity:undefined:undefined:undefined:undefined":4,"s:88:4:89:Infinity":29,"b:88:8:88:19:88:19:88:46:88:46:88:74:88:78:88:105":5,"s:89:6:89:Infinity":30,"s:91:4:91:Infinity":31,"s:93:4:93:Infinity":32,"f:97:9:97:26":4,"b:98:2:98:Infinity:undefined:undefined:undefined:undefined":6,"s:98:2:98:Infinity":33,"s:98:21:98:Infinity":34,"s:99:2:101:Infinity":35,"s:100:4:100:Infinity":36,"f:111:22:111:57":5,"s:113:2:124:Infinity":37,"s:113:21:113:24":38,"s:114:4:124:Infinity":39,"s:115:18:115:70":40,"b:116:6:117:Infinity:undefined:undefined:undefined:undefined":7,"s:116:6:117:Infinity":41,"b:116:10:116:26:116:30:116:54:116:54:116:76":8,"s:117:8:117:Infinity":42,"s:119:6:119:Infinity":43,"s:121:6:121:Infinity":44,"s:122:35:122:64":45,"s:123:6:123:Infinity":46,"s:124:6:124:Infinity":47,"s:127:2:127:Infinity":48,"f:131:22:131:36":6,"s:132:18:132:30":49,"b:133:2:134:Infinity:undefined:undefined:undefined:undefined":9,"s:133:2:134:Infinity":50,"s:134:4:134:Infinity":51,"s:136:2:141:Infinity":52,"s:137:4:137:Infinity":53,"s:141:4:141:Infinity":54,"s:148:19:148:46":55,"s:149:24:149:Infinity":56,"f:152:22:152:40":7,"s:153:18:153:33":57,"b:154:2:154:Infinity:undefined:undefined:undefined:undefined":10,"s:154:2:154:Infinity":58,"b:154:6:154:18:154:18:154:33":11,"s:154:33:154:Infinity":59,"s:155:14:155:Infinity":60,"s:156:17:156:36":61,"b:157:2:157:Infinity:undefined:undefined:undefined:undefined":12,"s:157:2:157:Infinity":62,"s:157:14:157:Infinity":63,"s:158:2:175:Infinity":64,"s:159:18:161:Infinity":65,"s:163:18:165:10":66,"b:164:8:164:76:165:8:165:10":13,"f:164:19:164:27":8,"s:164:55:164:76":67,"b:166:4:171:Infinity:undefined:undefined:undefined:undefined":14,"s:166:4:171:Infinity":68,"b:167:6:169:Infinity:undefined:undefined:undefined:undefined":15,"s:167:6:169:Infinity":69,"s:168:23:168:Infinity":70,"b:169:8:169:Infinity:undefined:undefined:undefined:undefined":16,"s:169:8:169:Infinity":71,"s:169:34:169:Infinity":72,"s:171:6:171:Infinity":73,"s:173:4:173:Infinity":74,"s:175:4:175:Infinity":75,"f:180:9:180:22":9,"b:181:2:193:Infinity:undefined:undefined:undefined:undefined":17,"s:181:2:193:Infinity":76,"s:182:14:182:Infinity":77,"s:183:18:184:Infinity":78,"f:183:35:183:Infinity":10,"s:184:14:184:65":79,"b:184:14:184:33:184:37:184:65":18,"s:186:35:192:Infinity":80,"s:193:4:193:Infinity":81,"b:193:26:193:35:193:35:193:Infinity":19,"s:198:2:198:Infinity":82},"fnNames":{}}}
,"/Users/sean_chou/Dev/personal/VeggieRadar/frontend/src/services/mockBoard.ts": {"path":"/Users/sean_chou/Dev/personal/VeggieRadar/frontend/src/services/mockBoard.ts","statementMap":{"0":{"start":{"line":9,"column":41},"end":{"line":112,"column":null}}},"fnMap":{},"branchMap":{},"s":{"0":17},"f":{},"b":{},"meta":{"lastBranch":0,"lastFunction":0,"lastStatement":1,"seen":{"s:9:41:112:Infinity":0},"fnNames":{}}}
,"/Users/sean_chou/Dev/personal/VeggieRadar/frontend/src/types/produce.ts": {"path":"/Users/sean_chou/Dev/personal/VeggieRadar/frontend/src/types/produce.ts","statementMap":{"0":{"start":{"line":93,"column":2},"end":{"line":93,"column":null}}},"fnMap":{"0":{"name":"isApiError","decl":{"start":{"line":92,"column":16},"end":{"line":92,"column":27}},"loc":{"start":{"line":92,"column":80},"end":{"line":93,"column":null}},"line":92}},"branchMap":{"0":{"loc":{"start":{"line":93,"column":9},"end":{"line":93,"column":null}},"type":"binary-expr","locations":[{"start":{"line":93,"column":9},"end":{"line":93,"column":32}},{"start":{"line":93,"column":32},"end":{"line":93,"column":null}}],"line":93}},"s":{"0":30},"f":{"0":30},"b":{"0":[30,4]},"meta":{"lastBranch":1,"lastFunction":1,"lastStatement":1,"seen":{"f:92:16:92:27":0,"s:93:2:93:Infinity":0,"b:93:9:93:32:93:32:93:Infinity":0},"fnNames":{}}}
}
